#
# There is insufficient memory for the Java Runtime Environment to continue.
# Native memory allocation (malloc) failed to allocate 1129376 bytes for Chunk::new
# Possible reasons:
#   The system is out of physical RAM or swap space
#   The process is running with CompressedOops enabled, and the Java Heap may be blocking the growth of the native heap
# Possible solutions:
#   Reduce memory load on the system
#   Increase physical memory or swap space
#   Check if swap backing store is full
#   Decrease Java heap size (-Xmx/-Xms)
#   Decrease number of Java threads
#   Decrease Java thread stack sizes (-Xss)
#   Set larger code cache with -XX:ReservedCodeCacheSize=
#   JVM is running with Unscaled Compressed Oops mode in which the Java heap is
#     placed in the first 4GB address space. The Java Heap base address is the
#     maximum limit for the native heap growth. Please use -XX:HeapBaseMinAddress
#     to set the Java Heap base and to place the Java Heap above 4GB virtual address.
# This output file may be truncated or incomplete.
#
#  Out of Memory Error (allocation.cpp:389), pid=17204, tid=0x0000000000003f8c
#
# JRE version: OpenJDK Runtime Environment (8.0_202-b03) (build 1.8.0_202-release-1483-b03)
# Java VM: OpenJDK 64-Bit Server VM (25.202-b03 mixed mode windows-amd64 compressed oops)
# Failed to write core dump. Minidumps are not enabled by default on client versions of Windows
#

---------------  T H R E A D  ---------------

Current thread (0x0000000018bff000):  JavaThread "C2 CompilerThread2" daemon [_thread_in_native, id=16268, stack(0x0000000019680000,0x0000000019780000)]

Stack: [0x0000000019680000,0x0000000019780000]
[error occurred during error reporting (printing stack bounds), id 0xc0000005]

Native frames: (J=compiled Java code, j=interpreted, Vv=VM code, C=native code)


Current CompileTask:
C2: 119874 8485       4       org.gradle.internal.graph.CachingDirectedGraphWalker::doSearch (659 bytes)


---------------  P R O C E S S  ---------------

Java Threads: ( => current thread )
  0x00000000229aa000 JavaThread "Execution worker for ':' Thread 7" [_thread_in_native, id=6080, stack(0x00000000263e0000,0x00000000264e0000)]
  0x00000000229a8000 JavaThread "Execution worker for ':' Thread 6" [_thread_in_native, id=18020, stack(0x00000000262e0000,0x00000000263e0000)]
  0x000000001a1f2000 JavaThread "Execution worker for ':' Thread 5" [_thread_blocked, id=8588, stack(0x00000000261e0000,0x00000000262e0000)]
  0x000000001a1f0800 JavaThread "Execution worker for ':' Thread 4" [_thread_in_native, id=13260, stack(0x00000000260e0000,0x00000000261e0000)]
  0x000000001df5b000 JavaThread "Execution worker for ':' Thread 3" [_thread_blocked, id=6668, stack(0x0000000025fe0000,0x00000000260e0000)]
  0x000000001df59800 JavaThread "Execution worker for ':' Thread 2" [_thread_in_native, id=7780, stack(0x0000000025ee0000,0x0000000025fe0000)]
  0x000000001df52000 JavaThread "Execution worker for ':'" [_thread_blocked, id=608, stack(0x0000000025be0000,0x0000000025ce0000)]
  0x000000001df56800 JavaThread "Cache worker for file content cache (D:\projects\vendx\user-app\.gradle\5.4.1\fileContent)" [_thread_blocked, id=12572, stack(0x00000000258e0000,0x00000000259e0000)]
  0x000000001df59000 JavaThread "Cache worker for file content cache (C:\Users\Kamal Johnson\.gradle\caches\5.4.1\fileContent)" [_thread_blocked, id=17424, stack(0x00000000257e0000,0x00000000258e0000)]
  0x000000001df4f000 JavaThread "Cache worker for Build Output Cleanup Cache (D:\projects\vendx\user-app\.gradle\buildOutputCleanup)" [_thread_blocked, id=3632, stack(0x00000000256e0000,0x00000000257e0000)]
  0x000000001df55000 JavaThread "pool-2-thread-1" [_thread_blocked, id=7996, stack(0x00000000253f0000,0x00000000254f0000)]
  0x000000001df53800 JavaThread "Build operations Thread 8" [_thread_blocked, id=16748, stack(0x0000000024e20000,0x0000000024f20000)]
  0x000000001df54800 JavaThread "Build operations Thread 7" [_thread_blocked, id=8620, stack(0x0000000023e50000,0x0000000023f50000)]
  0x000000001df56000 JavaThread "Build operations Thread 6" [_thread_blocked, id=12972, stack(0x0000000023b50000,0x0000000023c50000)]
  0x000000001df51800 JavaThread "Build operations Thread 5" [_thread_blocked, id=15196, stack(0x0000000023650000,0x0000000023750000)]
  0x000000001df4d000 JavaThread "Build operations Thread 4" [_thread_blocked, id=17856, stack(0x0000000023550000,0x0000000023650000)]
  0x000000001bc4c000 JavaThread "Build operations Thread 3" [_thread_blocked, id=5348, stack(0x0000000023450000,0x0000000023550000)]
  0x000000001bc44800 JavaThread "Build operations Thread 2" [_thread_blocked, id=6816, stack(0x0000000023350000,0x0000000023450000)]
  0x000000001bc46800 JavaThread "Build operations" [_thread_blocked, id=14064, stack(0x0000000023250000,0x0000000023350000)]
  0x000000001bc4b000 JavaThread "Cache worker for cache directory md-rule (C:\Users\Kamal Johnson\.gradle\caches\5.4.1\md-rule)" [_thread_blocked, id=18156, stack(0x0000000023150000,0x0000000023250000)]
  0x000000001bc45000 JavaThread "Cache worker for cache directory md-supplier (C:\Users\Kamal Johnson\.gradle\caches\5.4.1\md-supplier)" [_thread_blocked, id=16088, stack(0x0000000023050000,0x0000000023150000)]
  0x000000001bc49800 JavaThread "Cache worker for file hash cache (D:\projects\vendx\user-app\.gradle\5.4.1\fileHashes)" [_thread_blocked, id=17224, stack(0x0000000022f50000,0x0000000023050000)]
  0x000000001bc4a800 JavaThread "Thread-41" [_thread_blocked, id=17528, stack(0x0000000021750000,0x0000000021850000)]
  0x000000001bc49000 JavaThread "Stdin handler" [_thread_blocked, id=13912, stack(0x0000000021650000,0x0000000021750000)]
  0x000000001bc48000 JavaThread "Asynchronous log dispatcher for DefaultDaemonConnection: socket connection from /127.0.0.1:55104 to /127.0.0.1:55112" [_thread_blocked, id=16260, stack(0x000000001d3a0000,0x000000001d4a0000)]
  0x000000001bc46000 JavaThread "Daemon worker Thread 2" [_thread_blocked, id=18196, stack(0x000000001d0a0000,0x000000001d1a0000)]
  0x000000001bc3d000 JavaThread "Cancel handler" [_thread_blocked, id=5876, stack(0x000000001cba0000,0x000000001cca0000)]
  0x000000001bc40800 JavaThread "Handler for socket connection from /127.0.0.1:55104 to /127.0.0.1:55112" [_thread_in_native, id=12424, stack(0x0000000001630000,0x0000000001730000)]
  0x000000001bc40000 JavaThread "Daemon Thread 2" [_thread_blocked, id=11664, stack(0x0000000001270000,0x0000000001370000)]
  0x000000001bc3d800 JavaThread "Memory manager" [_thread_blocked, id=7420, stack(0x0000000024550000,0x0000000024650000)]
  0x000000001df53000 JavaThread "Cache worker for execution history cache (C:\Users\Kamal Johnson\.gradle\caches\5.4.1\executionHistory)" [_thread_blocked, id=17444, stack(0x0000000021a50000,0x0000000021b50000)]
  0x000000001a1ef800 JavaThread "Cache worker for journal cache (C:\Users\Kamal Johnson\.gradle\caches\journal-1)" [_thread_blocked, id=5808, stack(0x000000001d6a0000,0x000000001d7a0000)]
  0x000000001a1f1000 JavaThread "File lock request listener" [_thread_in_native, id=7804, stack(0x000000001d5a0000,0x000000001d6a0000)]
  0x000000001ad24800 JavaThread "Cache worker for file hash cache (C:\Users\Kamal Johnson\.gradle\caches\5.4.1\fileHashes)" [_thread_blocked, id=18012, stack(0x000000001d4a0000,0x000000001d5a0000)]
  0x000000001a898800 JavaThread "Daemon periodic checks" [_thread_blocked, id=14768, stack(0x000000001caa0000,0x000000001cba0000)]
  0x000000001a897000 JavaThread "Incoming local TCP Connector on port 55104" [_thread_in_native, id=7728, stack(0x000000001c860000,0x000000001c960000)]
  0x000000001aa5d000 JavaThread "Daemon health stats" [_thread_blocked, id=18028, stack(0x000000001c220000,0x000000001c320000)]
  0x0000000018c15800 JavaThread "Service Thread" daemon [_thread_blocked, id=18320, stack(0x0000000019880000,0x0000000019980000)]
  0x0000000018c0f000 JavaThread "C1 CompilerThread3" daemon [_thread_blocked, id=14880, stack(0x0000000019780000,0x0000000019880000)]
=>0x0000000018bff000 JavaThread "C2 CompilerThread2" daemon [_thread_in_native, id=16268, stack(0x0000000019680000,0x0000000019780000)]
  0x0000000018bac800 JavaThread "C2 CompilerThread1" daemon [_thread_in_native, id=13632, stack(0x0000000019580000,0x0000000019680000)]
  0x0000000018ba8800 JavaThread "C2 CompilerThread0" daemon [_thread_in_native, id=11312, stack(0x0000000019480000,0x0000000019580000)]
  0x0000000018ba7800 JavaThread "Attach Listener" daemon [_thread_blocked, id=15492, stack(0x0000000019380000,0x0000000019480000)]
  0x0000000016d9e800 JavaThread "Signal Dispatcher" daemon [_thread_blocked, id=6332, stack(0x0000000019280000,0x0000000019380000)]
  0x0000000002fc9000 JavaThread "Finalizer" daemon [_thread_blocked, id=14524, stack(0x0000000019080000,0x0000000019180000)]
  0x0000000002fc6000 JavaThread "Reference Handler" daemon [_thread_blocked, id=15432, stack(0x0000000018f80000,0x0000000019080000)]
  0x0000000002e1e800 JavaThread "main" [_thread_blocked, id=6684, stack(0x0000000002d10000,0x0000000002e10000)]

Other Threads:
  0x0000000016d88000 VMThread [stack: 0x0000000018a80000,0x0000000018b80000] [id=15784]
  0x0000000018c16800 WatcherThread [stack: 0x0000000019980000,0x0000000019a80000] [id=11352]

VM state:not at safepoint (normal execution)

VM Mutex/Monitor currently owned by a thread: None

heap address: 0x00000000a0000000, size: 1536 MB, Compressed Oops mode: 32-bit
Narrow klass base: 0x0000000000000000, Narrow klass shift: 3
Compressed class space size: 1073741824 Address: 0x0000000100000000

Heap:
 PSYoungGen      total 187392K, used 129755K [0x00000000e0000000, 0x00000000ed880000, 0x0000000100000000)
  eden space 175616K, 67% used [0x00000000e0000000,0x00000000e736e9f8,0x00000000eab80000)
  from space 11776K, 98% used [0x00000000ecd00000,0x00000000ed848558,0x00000000ed880000)
  to   space 20480K, 0% used [0x00000000eb080000,0x00000000eb080000,0x00000000ec480000)
 ParOldGen       total 226304K, used 36845K [0x00000000a0000000, 0x00000000add00000, 0x00000000e0000000)
  object space 226304K, 16% used [0x00000000a0000000,0x00000000a23fb7f8,0x00000000add00000)
 Metaspace       used 66624K, capacity 69018K, committed 69208K, reserved 1110016K
  class space    used 8736K, capacity 9261K, committed 9304K, reserved 1048576K

Card table byte_map: [0x0000000012390000,0x00000000126a0000] byte_map_base: 0x0000000011e90000

Marking Bits: (ParMarkBitMap*) 0x0000000062be9f30
 Begin Bits: [0x00000000130a0000, 0x00000000148a0000)
 End Bits:   [0x00000000148a0000, 0x00000000160a0000)

Polling page: 0x0000000001090000

CodeCache: size=245760Kb used=24390Kb max_used=24390Kb free=221369Kb
 bounds [0x0000000002fd0000, 0x00000000047c0000, 0x0000000011fd0000]
 total_blobs=8459 nmethods=7667 adapters=705
 compilation: enabled

Compilation events (10 events):
Event: 119.831 Thread 0x0000000018c0f000 8789       3       java.util.Collections::binarySearch (43 bytes)
Event: 119.831 Thread 0x0000000018c0f000 nmethod 8789 0x00000000047b8190 code [0x00000000047b8360, 0x00000000047b8ad8]
Event: 119.834 Thread 0x0000000018c0f000 8791       3       com.google.common.collect.ImmutableSortedMap::get (27 bytes)
Event: 119.835 Thread 0x0000000018c0f000 nmethod 8791 0x00000000047b8cd0 code [0x00000000047b8e60, 0x00000000047b9378]
Event: 119.835 Thread 0x0000000018c0f000 8792       3       org.gradle.internal.work.DefaultWorkerLeaseService$DefaultWorkerLease::grantLease (34 bytes)
Event: 119.835 Thread 0x0000000018c0f000 nmethod 8792 0x00000000047b94d0 code [0x00000000047b9640, 0x00000000047b9930]
Event: 119.860 Thread 0x0000000018c0f000 8793       1       org.gradle.internal.logging.sink.ProgressLogEventGenerator::access$300 (5 bytes)
Event: 119.860 Thread 0x0000000018c0f000 nmethod 8793 0x00000000047b9a90 code [0x00000000047b9be0, 0x00000000047b9cd0]
Event: 119.863 Thread 0x0000000018c0f000 8794       3       com.google.common.cache.LocalCache$StrongValueReference::notifyNewValue (1 bytes)
Event: 119.863 Thread 0x0000000018c0f000 nmethod 8794 0x00000000047b9d50 code [0x00000000047b9ea0, 0x00000000047b9ff0]

GC Heap History (10 events):
Event: 23.088 GC heap before
{Heap before GC invocations=9 (full 2):
 PSYoungGen      total 108032K, used 95744K [0x00000000e0000000, 0x00000000e8080000, 0x0000000100000000)
  eden space 95744K, 100% used [0x00000000e0000000,0x00000000e5d80000,0x00000000e5d80000)
  from space 12288K, 0% used [0x00000000e6a80000,0x00000000e6a80000,0x00000000e7680000)
  to   space 13312K, 0% used [0x00000000e5d80000,0x00000000e5d80000,0x00000000e6a80000)
 ParOldGen       total 157184K, used 18793K [0x00000000a0000000, 0x00000000a9980000, 0x00000000e0000000)
  object space 157184K, 11% used [0x00000000a0000000,0x00000000a125a7e0,0x00000000a9980000)
 Metaspace       used 44758K, capacity 45670K, committed 45952K, reserved 1089536K
  class space    used 6001K, capacity 6233K, committed 6272K, reserved 1048576K
Event: 23.107 GC heap after
Heap after GC invocations=9 (full 2):
 PSYoungGen      total 109056K, used 13302K [0x00000000e0000000, 0x00000000eac00000, 0x0000000100000000)
  eden space 95744K, 0% used [0x00000000e0000000,0x00000000e0000000,0x00000000e5d80000)
  from space 13312K, 99% used [0x00000000e5d80000,0x00000000e6a7dbf8,0x00000000e6a80000)
  to   space 14848K, 0% used [0x00000000e9d80000,0x00000000e9d80000,0x00000000eac00000)
 ParOldGen       total 157184K, used 19383K [0x00000000a0000000, 0x00000000a9980000, 0x00000000e0000000)
  object space 157184K, 12% used [0x00000000a0000000,0x00000000a12edce0,0x00000000a9980000)
 Metaspace       used 44758K, capacity 45670K, committed 45952K, reserved 1089536K
  class space    used 6001K, capacity 6233K, committed 6272K, reserved 1048576K
}
Event: 26.140 GC heap before
{Heap before GC invocations=10 (full 2):
 PSYoungGen      total 109056K, used 109046K [0x00000000e0000000, 0x00000000eac00000, 0x0000000100000000)
  eden space 95744K, 100% used [0x00000000e0000000,0x00000000e5d80000,0x00000000e5d80000)
  from space 13312K, 99% used [0x00000000e5d80000,0x00000000e6a7dbf8,0x00000000e6a80000)
  to   space 14848K, 0% used [0x00000000e9d80000,0x00000000e9d80000,0x00000000eac00000)
 ParOldGen       total 157184K, used 19383K [0x00000000a0000000, 0x00000000a9980000, 0x00000000e0000000)
  object space 157184K, 12% used [0x00000000a0000000,0x00000000a12edce0,0x00000000a9980000)
 Metaspace       used 50541K, capacity 51740K, committed 51968K, reserved 1093632K
  class space    used 6788K, capacity 7119K, committed 7168K, reserved 1048576K
Event: 26.168 GC heap after
Heap after GC invocations=10 (full 2):
 PSYoungGen      total 159232K, used 14832K [0x00000000e0000000, 0x00000000eae80000, 0x0000000100000000)
  eden space 144384K, 0% used [0x00000000e0000000,0x00000000e0000000,0x00000000e8d00000)
  from space 14848K, 99% used [0x00000000e9d80000,0x00000000eabfc188,0x00000000eac00000)
  to   space 16896K, 0% used [0x00000000e8d00000,0x00000000e8d00000,0x00000000e9d80000)
 ParOldGen       total 157184K, used 20183K [0x00000000a0000000, 0x00000000a9980000, 0x00000000e0000000)
  object space 157184K, 12% used [0x00000000a0000000,0x00000000a13b5ed0,0x00000000a9980000)
 Metaspace       used 50541K, capacity 51740K, committed 51968K, reserved 1093632K
  class space    used 6788K, capacity 7119K, committed 7168K, reserved 1048576K
}
Event: 28.560 GC heap before
{Heap before GC invocations=11 (full 2):
 PSYoungGen      total 159232K, used 128766K [0x00000000e0000000, 0x00000000eae80000, 0x0000000100000000)
  eden space 144384K, 78% used [0x00000000e0000000,0x00000000e6f43958,0x00000000e8d00000)
  from space 14848K, 99% used [0x00000000e9d80000,0x00000000eabfc188,0x00000000eac00000)
  to   space 16896K, 0% used [0x00000000e8d00000,0x00000000e8d00000,0x00000000e9d80000)
 ParOldGen       total 157184K, used 20183K [0x00000000a0000000, 0x00000000a9980000, 0x00000000e0000000)
  object space 157184K, 12% used [0x00000000a0000000,0x00000000a13b5ed0,0x00000000a9980000)
 Metaspace       used 57471K, capacity 58982K, committed 59096K, reserved 1099776K
  class space    used 7705K, capacity 8077K, committed 8152K, reserved 1048576K
Event: 28.586 GC heap after
Heap after GC invocations=11 (full 2):
 PSYoungGen      total 161280K, used 16884K [0x00000000e0000000, 0x00000000ee180000, 0x0000000100000000)
  eden space 144384K, 0% used [0x00000000e0000000,0x00000000e0000000,0x00000000e8d00000)
  from space 16896K, 99% used [0x00000000e8d00000,0x00000000e9d7d340,0x00000000e9d80000)
  to   space 20992K, 0% used [0x00000000ecd00000,0x00000000ecd00000,0x00000000ee180000)
 ParOldGen       total 157184K, used 26387K [0x00000000a0000000, 0x00000000a9980000, 0x00000000e0000000)
  object space 157184K, 16% used [0x00000000a0000000,0x00000000a19c4e88,0x00000000a9980000)
 Metaspace       used 57471K, capacity 58982K, committed 59096K, reserved 1099776K
  class space    used 7705K, capacity 8077K, committed 8152K, reserved 1048576K
}
Event: 28.586 GC heap before
{Heap before GC invocations=12 (full 3):
 PSYoungGen      total 161280K, used 16884K [0x00000000e0000000, 0x00000000ee180000, 0x0000000100000000)
  eden space 144384K, 0% used [0x00000000e0000000,0x00000000e0000000,0x00000000e8d00000)
  from space 16896K, 99% used [0x00000000e8d00000,0x00000000e9d7d340,0x00000000e9d80000)
  to   space 20992K, 0% used [0x00000000ecd00000,0x00000000ecd00000,0x00000000ee180000)
 ParOldGen       total 157184K, used 26387K [0x00000000a0000000, 0x00000000a9980000, 0x00000000e0000000)
  object space 157184K, 16% used [0x00000000a0000000,0x00000000a19c4e88,0x00000000a9980000)
 Metaspace       used 57471K, capacity 58982K, committed 59096K, reserved 1099776K
  class space    used 7705K, capacity 8077K, committed 8152K, reserved 1048576K
Event: 28.807 GC heap after
Heap after GC invocations=12 (full 3):
 PSYoungGen      total 161280K, used 0K [0x00000000e0000000, 0x00000000ee180000, 0x0000000100000000)
  eden space 144384K, 0% used [0x00000000e0000000,0x00000000e0000000,0x00000000e8d00000)
  from space 16896K, 0% used [0x00000000e8d00000,0x00000000e8d00000,0x00000000e9d80000)
  to   space 20992K, 0% used [0x00000000ecd00000,0x00000000ecd00000,0x00000000ee180000)
 ParOldGen       total 226304K, used 36837K [0x00000000a0000000, 0x00000000add00000, 0x00000000e0000000)
  object space 226304K, 16% used [0x00000000a0000000,0x00000000a23f97f8,0x00000000add00000)
 Metaspace       used 57471K, capacity 58982K, committed 59096K, reserved 1099776K
  class space    used 7705K, capacity 8077K, committed 8152K, reserved 1048576K
}
Event: 118.045 GC heap before
{Heap before GC invocations=13 (full 3):
 PSYoungGen      total 161280K, used 144384K [0x00000000e0000000, 0x00000000ee180000, 0x0000000100000000)
  eden space 144384K, 100% used [0x00000000e0000000,0x00000000e8d00000,0x00000000e8d00000)
  from space 16896K, 0% used [0x00000000e8d00000,0x00000000e8d00000,0x00000000e9d80000)
  to   space 20992K, 0% used [0x00000000ecd00000,0x00000000ecd00000,0x00000000ee180000)
 ParOldGen       total 226304K, used 36837K [0x00000000a0000000, 0x00000000add00000, 0x00000000e0000000)
  object space 226304K, 16% used [0x00000000a0000000,0x00000000a23f97f8,0x00000000add00000)
 Metaspace       used 64164K, capacity 66360K, committed 66648K, reserved 1107968K
  class space    used 8480K, capacity 8944K, committed 9048K, reserved 1048576K
Event: 118.061 GC heap after
Heap after GC invocations=13 (full 3):
 PSYoungGen      total 187392K, used 11553K [0x00000000e0000000, 0x00000000ed880000, 0x0000000100000000)
  eden space 175616K, 0% used [0x00000000e0000000,0x00000000e0000000,0x00000000eab80000)
  from space 11776K, 98% used [0x00000000ecd00000,0x00000000ed848558,0x00000000ed880000)
  to   space 20480K, 0% used [0x00000000eb080000,0x00000000eb080000,0x00000000ec480000)
 ParOldGen       total 226304K, used 36845K [0x00000000a0000000, 0x00000000add00000, 0x00000000e0000000)
  object space 226304K, 16% used [0x00000000a0000000,0x00000000a23fb7f8,0x00000000add00000)
 Metaspace       used 64164K, capacity 66360K, committed 66648K, reserved 1107968K
  class space    used 8480K, capacity 8944K, committed 9048K, reserved 1048576K
}

Deoptimization events (10 events):
Event: 118.433 Thread 0x000000001bc46000 Uncommon trap: reason=class_check action=maybe_recompile pc=0x00000000043dc858 method=com.google.common.base.Equivalence$Equals.doEquivalent(Ljava/lang/Object;Ljava/lang/Object;)Z @ 2
Event: 118.486 Thread 0x000000001bc46000 Uncommon trap: reason=class_check action=maybe_recompile pc=0x00000000043dc858 method=com.google.common.base.Equivalence$Equals.doEquivalent(Ljava/lang/Object;Ljava/lang/Object;)Z @ 2
Event: 119.010 Thread 0x000000001bc46000 Uncommon trap: reason=class_check action=maybe_recompile pc=0x0000000003bf9fa0 method=org.gradle.api.internal.attributes.DefaultImmutableAttributes.equals(Ljava/lang/Object;)Z @ 92
Event: 119.010 Thread 0x000000001bc46000 Uncommon trap: reason=class_check action=maybe_recompile pc=0x0000000003bf9fa0 method=org.gradle.api.internal.attributes.DefaultImmutableAttributes.equals(Ljava/lang/Object;)Z @ 92
Event: 119.011 Thread 0x000000001bc46000 Uncommon trap: reason=class_check action=maybe_recompile pc=0x0000000003bf9fa0 method=org.gradle.api.internal.attributes.DefaultImmutableAttributes.equals(Ljava/lang/Object;)Z @ 92
Event: 119.011 Thread 0x000000001bc46000 Uncommon trap: reason=class_check action=maybe_recompile pc=0x0000000003bf9fa0 method=org.gradle.api.internal.attributes.DefaultImmutableAttributes.equals(Ljava/lang/Object;)Z @ 92
Event: 119.050 Thread 0x000000001bc46000 Uncommon trap: reason=unstable_if action=reinterpret pc=0x00000000046c6840 method=org.gradle.api.internal.attributes.DefaultImmutableAttributes.equals(Ljava/lang/Object;)Z @ 43
Event: 119.540 Thread 0x000000001df52000 Uncommon trap: reason=unstable_if action=reinterpret pc=0x00000000043afbc0 method=com.google.common.collect.MapMakerInternalMap$Segment.drainKeyReferenceQueue(Ljava/lang/ref/ReferenceQueue;)V @ 8
Event: 119.540 Thread 0x000000001df59800 Uncommon trap: reason=unstable_if action=reinterpret pc=0x00000000043afbc0 method=com.google.common.collect.MapMakerInternalMap$Segment.drainKeyReferenceQueue(Ljava/lang/ref/ReferenceQueue;)V @ 8
Event: 119.541 Thread 0x000000001df52000 Uncommon trap: reason=unstable_if action=reinterpret pc=0x0000000003930740 method=com.google.common.collect.MapMakerInternalMap$Segment.drainKeyReferenceQueue(Ljava/lang/ref/ReferenceQueue;)V @ 8

Classes redefined (0 events):
No events

Internal exceptions (10 events):
Event: 119.155 Thread 0x000000001bc46000 Exception <a 'java/lang/ClassNotFoundException': com/android/build/gradle/tasks/MergeResources_DecoratedBeanInfo> (0x00000000e3dc0010) thrown at [D:\src\AOSP-openjdk-cygwin\jdk8u\hotspot\src\share\vm\classfile\systemDictionary.cpp, line 210]
Event: 119.155 Thread 0x000000001bc46000 Exception <a 'java/lang/ClassNotFoundException': com/android/build/gradle/tasks/MergeResourcesBeanInfo> (0x00000000e3dda928) thrown at [D:\src\AOSP-openjdk-cygwin\jdk8u\hotspot\src\share\vm\classfile\systemDictionary.cpp, line 210]
Event: 119.156 Thread 0x000000001bc46000 Exception <a 'java/lang/ClassNotFoundException': com/android/build/gradle/tasks/ResourceAwareTaskBeanInfo> (0x00000000e3df5e30) thrown at [D:\src\AOSP-openjdk-cygwin\jdk8u\hotspot\src\share\vm\classfile\systemDictionary.cpp, line 210]
Event: 119.157 Thread 0x000000001bc46000 Exception <a 'java/lang/ClassNotFoundException': com/android/build/gradle/internal/tasks/IncrementalTaskBeanInfo> (0x00000000e3e13150) thrown at [D:\src\AOSP-openjdk-cygwin\jdk8u\hotspot\src\share\vm\classfile\systemDictionary.cpp, line 210]
Event: 119.158 Thread 0x000000001bc46000 Exception <a 'java/lang/ClassNotFoundException': com/android/build/gradle/internal/tasks/AndroidVariantTaskBeanInfo> (0x00000000e3e30b90) thrown at [D:\src\AOSP-openjdk-cygwin\jdk8u\hotspot\src\share\vm\classfile\systemDictionary.cpp, line 210]
Event: 119.159 Thread 0x000000001bc46000 Exception <a 'java/lang/ClassNotFoundException': com/android/build/gradle/internal/tasks/AndroidVariantTaskCustomizer> (0x00000000e3e4f600) thrown at [D:\src\AOSP-openjdk-cygwin\jdk8u\hotspot\src\share\vm\classfile\systemDictionary.cpp, line 210]
Event: 119.165 Thread 0x000000001bc46000 Exception <a 'java/lang/ClassNotFoundException': com/android/build/gradle/internal/tasks/IncrementalTaskCustomizer> (0x00000000e3e7d750) thrown at [D:\src\AOSP-openjdk-cygwin\jdk8u\hotspot\src\share\vm\classfile\systemDictionary.cpp, line 210]
Event: 119.166 Thread 0x000000001bc46000 Exception <a 'java/lang/ClassNotFoundException': com/android/build/gradle/tasks/ResourceAwareTaskCustomizer> (0x00000000e3eaae38) thrown at [D:\src\AOSP-openjdk-cygwin\jdk8u\hotspot\src\share\vm\classfile\systemDictionary.cpp, line 210]
Event: 119.167 Thread 0x000000001bc46000 Exception <a 'java/lang/ClassNotFoundException': com/android/build/gradle/tasks/MergeResourcesCustomizer> (0x00000000e3ee55b0) thrown at [D:\src\AOSP-openjdk-cygwin\jdk8u\hotspot\src\share\vm\classfile\systemDictionary.cpp, line 210]
Event: 119.169 Thread 0x000000001bc46000 Exception <a 'java/lang/ClassNotFoundException': com/android/build/gradle/tasks/MergeResources_DecoratedCustomizer> (0x00000000e3f34100) thrown at [D:\src\AOSP-openjdk-cygwin\jdk8u\hotspot\src\share\vm\classfile\systemDictionary.cpp, line 210]

Events (10 events):
Event: 119.540 Thread 0x000000001df59800 DEOPT UNPACKING pc=0x000000000301557b sp=0x0000000025fdded0 mode 2
Event: 119.541 Thread 0x000000001df52000 Uncommon trap: trap_request=0xffffff65 fr.pc=0x0000000003930740
Event: 119.541 Thread 0x000000001df52000 DEOPT PACKING pc=0x0000000003930740 sp=0x0000000025cddd60
Event: 119.541 Thread 0x000000001df52000 DEOPT UNPACKING pc=0x000000000301557b sp=0x0000000025cddc78 mode 2
Event: 119.543 Executing VM operation: RevokeBias
Event: 119.544 Executing VM operation: RevokeBias done
Event: 119.544 Executing VM operation: RevokeBias
Event: 119.544 Executing VM operation: RevokeBias done
Event: 119.571 Executing VM operation: RevokeBias
Event: 119.572 Executing VM operation: RevokeBias done


Dynamic libraries:
0x00007ff6985a0000 - 0x00007ff6985d1000 	D:\softwares\Android\Android Studio\jre\bin\java.exe
0x00007fff42880000 - 0x00007fff42a70000 	C:\WINDOWS\SYSTEM32\ntdll.dll
0x00007fff40de0000 - 0x00007fff40e92000 	C:\WINDOWS\System32\KERNEL32.DLL
0x00007fff40390000 - 0x00007fff40633000 	C:\WINDOWS\System32\KERNELBASE.dll
0x00007fff40b00000 - 0x00007fff40ba3000 	C:\WINDOWS\System32\ADVAPI32.dll
0x00007fff42630000 - 0x00007fff426ce000 	C:\WINDOWS\System32\msvcrt.dll
0x00007fff40ce0000 - 0x00007fff40d77000 	C:\WINDOWS\System32\sechost.dll
0x00007fff41780000 - 0x00007fff418a0000 	C:\WINDOWS\System32\RPCRT4.dll
0x00007fff40930000 - 0x00007fff40ac4000 	C:\WINDOWS\System32\USER32.dll
0x00007fff40880000 - 0x00007fff408a1000 	C:\WINDOWS\System32\win32u.dll
0x00007fff40ad0000 - 0x00007fff40af6000 	C:\WINDOWS\System32\GDI32.dll
0x00007fff40640000 - 0x00007fff407d4000 	C:\WINDOWS\System32\gdi32full.dll
0x00007fff407e0000 - 0x00007fff4087e000 	C:\WINDOWS\System32\msvcp_win.dll
0x00007fff401b0000 - 0x00007fff402aa000 	C:\WINDOWS\System32\ucrtbase.dll
0x00007fff2b200000 - 0x00007fff2b485000 	C:\WINDOWS\WinSxS\amd64_microsoft.windows.common-controls_6595b64144ccf1df_6.0.18362.418_none_e6c6b287130d565d\COMCTL32.dll
0x00007fff413e0000 - 0x00007fff41716000 	C:\WINDOWS\System32\combase.dll
0x00007fff408b0000 - 0x00007fff40930000 	C:\WINDOWS\System32\bcryptPrimitives.dll
0x00007fff41ae0000 - 0x00007fff41b0e000 	C:\WINDOWS\System32\IMM32.DLL
0x00000000632b0000 - 0x0000000063382000 	D:\softwares\Android\Android Studio\jre\jre\bin\msvcr100.dll
0x0000000062420000 - 0x0000000062c66000 	D:\softwares\Android\Android Studio\jre\jre\bin\server\jvm.dll
0x00007fff42830000 - 0x00007fff42838000 	C:\WINDOWS\System32\PSAPI.DLL
0x00007fff39250000 - 0x00007fff39259000 	C:\WINDOWS\SYSTEM32\WSOCK32.dll
0x00007fff426f0000 - 0x00007fff4275f000 	C:\WINDOWS\System32\WS2_32.dll
0x00007fff3cd70000 - 0x00007fff3cd94000 	C:\WINDOWS\SYSTEM32\WINMM.dll
0x00007fff35230000 - 0x00007fff3523a000 	C:\WINDOWS\SYSTEM32\VERSION.dll
0x00007fff3cb60000 - 0x00007fff3cb8d000 	C:\WINDOWS\SYSTEM32\WINMMBASE.dll
0x00007fff40160000 - 0x00007fff401aa000 	C:\WINDOWS\System32\cfgmgr32.dll
0x00007fff38da0000 - 0x00007fff38daf000 	D:\softwares\Android\Android Studio\jre\jre\bin\verify.dll
0x00007fff2cbe0000 - 0x00007fff2cc09000 	D:\softwares\Android\Android Studio\jre\jre\bin\java.dll
0x00007fff2f810000 - 0x00007fff2f826000 	D:\softwares\Android\Android Studio\jre\jre\bin\zip.dll
0x00007fff41b10000 - 0x00007fff421f5000 	C:\WINDOWS\System32\SHELL32.dll
0x00007fff423c0000 - 0x00007fff42469000 	C:\WINDOWS\System32\shcore.dll
0x00007fff3f810000 - 0x00007fff3ff8f000 	C:\WINDOWS\System32\windows.storage.dll
0x00007fff3f7f0000 - 0x00007fff3f80f000 	C:\WINDOWS\System32\profapi.dll
0x00007fff3f7a0000 - 0x00007fff3f7ea000 	C:\WINDOWS\System32\powrprof.dll
0x00007fff3f750000 - 0x00007fff3f760000 	C:\WINDOWS\System32\UMPDC.dll
0x00007fff41720000 - 0x00007fff41772000 	C:\WINDOWS\System32\shlwapi.dll
0x00007fff3f760000 - 0x00007fff3f771000 	C:\WINDOWS\System32\kernel.appcore.dll
0x00007fff3ff90000 - 0x00007fff3ffa7000 	C:\WINDOWS\System32\cryptsp.dll
0x00007fff2f6f0000 - 0x00007fff2f70a000 	D:\softwares\Android\Android Studio\jre\jre\bin\net.dll
0x00007fff3efc0000 - 0x00007fff3f027000 	C:\WINDOWS\system32\mswsock.dll
0x00007fff2b560000 - 0x00007fff2b571000 	D:\softwares\Android\Android Studio\jre\jre\bin\nio.dll
0x00007fff29b80000 - 0x00007fff29ba6000 	C:\Users\Kamal Johnson\.gradle\native\29\windows-amd64\native-platform.dll
0x00007fff2f740000 - 0x00007fff2f74d000 	D:\softwares\Android\Android Studio\jre\jre\bin\management.dll
0x00007fff3ead0000 - 0x00007fff3eb03000 	C:\WINDOWS\system32\rsaenh.dll
0x00007fff40360000 - 0x00007fff40386000 	C:\WINDOWS\System32\bcrypt.dll
0x00007fff3f670000 - 0x00007fff3f695000 	C:\WINDOWS\SYSTEM32\USERENV.dll
0x00007fff3f190000 - 0x00007fff3f19c000 	C:\WINDOWS\SYSTEM32\CRYPTBASE.dll
0x00007fff3ec70000 - 0x00007fff3ecaa000 	C:\WINDOWS\SYSTEM32\IPHLPAPI.DLL
0x00007fff423b0000 - 0x00007fff423b8000 	C:\WINDOWS\System32\NSI.dll
0x00007fff32d60000 - 0x00007fff32d76000 	C:\WINDOWS\SYSTEM32\dhcpcsvc6.DLL
0x00007fff34bf0000 - 0x00007fff34c0c000 	C:\WINDOWS\SYSTEM32\dhcpcsvc.DLL
0x00007fff3ecb0000 - 0x00007fff3ed7a000 	C:\WINDOWS\SYSTEM32\DNSAPI.dll

VM Arguments:
jvm_args: -Xmx1536m -Dfile.encoding=windows-1252 -Duser.country=US -Duser.language=en -Duser.variant 
java_command: org.gradle.launcher.daemon.bootstrap.GradleDaemon 5.4.1
java_class_path (initial): C:\Users\Kamal Johnson\.gradle\wrapper\dists\gradle-5.4.1-all\3221gyojl5jsh0helicew7rwx\gradle-5.4.1\lib\gradle-launcher-5.4.1.jar
Launcher Type: SUN_STANDARD

Environment Variables:
PATH=C:\Program Files (x86)\Intel\Intel(R) Management Engine Components\iCLS\;C:\Program Files\Intel\Intel(R) Management Engine Components\iCLS\;C:\WINDOWS\system32;C:\WINDOWS;C:\WINDOWS\System32\Wbem;C:\WINDOWS\System32\WindowsPowerShell\v1.0\;C:\WINDOWS\System32\OpenSSH\;C:\Program Files (x86)\Intel\Intel(R) Management Engine Components\DAL;C:\Program Files\Intel\Intel(R) Management Engine Components\DAL;C:\Program Files\dotnet\;C:\Program Files\Microsoft SQL Server\130\Tools\Binn\;C:\Program Files\Microsoft SQL Server\Client SDK\ODBC\170\Tools\Binn\;C:\Program Files\Git\cmd;C:\Program Files\nodejs\;C:\Users\Kamal Johnson\AppData\Local\Microsoft\WindowsApps;C:\Users\Kamal Johnson\AppData\Local\Programs\Microsoft VS Code\bin;C:\Users\Kamal Johnson\AppData\Roaming\npm;D:\softwares\Android\Android Studio\jre;
USERNAME=Kamal Johnson
OS=Windows_NT
PROCESSOR_IDENTIFIER=Intel64 Family 6 Model 142 Stepping 11, GenuineIntel



---------------  S Y S T E M  ---------------

OS: Windows 10.0 , 64 bit Build 18362 (10.0.18362.329)

CPU:total 8 (initial active 8) (4 cores per cpu, 2 threads per core) family 6 model 142 stepping 11, cmov, cx8, fxsr, mmx, sse, sse2, sse3, ssse3, sse4.1, sse4.2, popcnt, avx, avx2, aes, clmul, erms, 3dnowpref, lzcnt, ht, tsc, tscinvbit, bmi1, bmi2, adx

Memory: 4k page, physical 16562632k(942052k free), swap 48832580k(4368k free)

vm_info: OpenJDK 64-Bit Server VM (25.202-b03) for windows-amd64 JRE (1.8.0_202-release-1483-b03), built by "builder" with MS VC++ 10.0 (VS2010)

time: Fri Nov 15 18:42:51 2019
timezone: India Standard Time
elapsed time: 119 seconds (0d 0h 1m 59s)

