#
# There is insufficient memory for the Java Runtime Environment to continue.
# Native memory allocation (malloc) failed to allocate 1898976 bytes for Chunk::new
# Possible reasons:
#   The system is out of physical RAM or swap space
#   The process is running with CompressedOops enabled, and the Java Heap may be blocking the growth of the native heap
# Possible solutions:
#   Reduce memory load on the system
#   Increase physical memory or swap space
#   Check if swap backing store is full
#   Decrease Java heap size (-Xmx/-Xms)
#   Decrease number of Java threads
#   Decrease Java thread stack sizes (-Xss)
#   Set larger code cache with -XX:ReservedCodeCacheSize=
#   JVM is running with Unscaled Compressed Oops mode in which the Java heap is
#     placed in the first 4GB address space. The Java Heap base address is the
#     maximum limit for the native heap growth. Please use -XX:HeapBaseMinAddress
#     to set the Java Heap base and to place the Java Heap above 4GB virtual address.
# This output file may be truncated or incomplete.
#
#  Out of Memory Error (allocation.cpp:389), pid=13316, tid=0x0000000000001b88
#
# JRE version: OpenJDK Runtime Environment (8.0_202-b03) (build 1.8.0_202-release-1483-b03)
# Java VM: OpenJDK 64-Bit Server VM (25.202-b03 mixed mode windows-amd64 compressed oops)
# Failed to write core dump. Minidumps are not enabled by default on client versions of Windows
#

---------------  T H R E A D  ---------------

Current thread (0x0000000015b26800):  JavaThread "C2 CompilerThread2" daemon [_thread_in_native, id=7048, stack(0x00000000165d0000,0x00000000166d0000)]

Stack: [0x00000000165d0000,0x00000000166d0000]
[error occurred during error reporting (printing stack bounds), id 0xc0000005]

Native frames: (J=compiled Java code, j=interpreted, Vv=VM code, C=native code)


Current CompileTask:
C2:  13221 1979       4       java.net.URLClassLoader$1::run (5 bytes)


---------------  P R O C E S S  ---------------

Java Threads: ( => current thread )
  0x0000000016f6d000 JavaThread "Cache worker for file hash cache (D:\projects\connectivity-samples\BluetoothChat\.gradle\5.4.1\fileHashes)" [_thread_blocked, id=10928, stack(0x000000001bbe0000,0x000000001bce0000)]
  0x0000000016f6c000 JavaThread "File lock release action executor" [_thread_blocked, id=7856, stack(0x000000001a910000,0x000000001aa10000)]
  0x0000000016f71800 JavaThread "Cache worker for journal cache (C:\Users\Kamal Johnson\.gradle\caches\journal-1)" [_thread_blocked, id=9932, stack(0x000000001a610000,0x000000001a710000)]
  0x0000000016f72000 JavaThread "File lock request listener" [_thread_in_native, id=4980, stack(0x000000001a510000,0x000000001a610000)]
  0x0000000016f6b800 JavaThread "Cache worker for file hash cache (C:\Users\Kamal Johnson\.gradle\caches\5.4.1\fileHashes)" [_thread_blocked, id=14520, stack(0x000000001a410000,0x000000001a510000)]
  0x0000000017695800 JavaThread "Thread-9" [_thread_blocked, id=4344, stack(0x000000001a310000,0x000000001a410000)]
  0x0000000017695000 JavaThread "Stdin handler" [_thread_blocked, id=15236, stack(0x000000001a210000,0x000000001a310000)]
  0x0000000017f2d800 JavaThread "Asynchronous log dispatcher for DefaultDaemonConnection: socket connection from /127.0.0.1:51694 to /127.0.0.1:51696" [_thread_blocked, id=13596, stack(0x000000001a110000,0x000000001a210000)]
  0x0000000017297800 JavaThread "Daemon worker" [_thread_blocked, id=3144, stack(0x000000001a010000,0x000000001a110000)]
  0x00000000184bd800 JavaThread "Cancel handler" [_thread_blocked, id=15516, stack(0x0000000019f10000,0x000000001a010000)]
  0x0000000018113000 JavaThread "Handler for socket connection from /127.0.0.1:51694 to /127.0.0.1:51696" [_thread_in_native, id=11920, stack(0x0000000019c10000,0x0000000019d10000)]
  0x0000000018110000 JavaThread "Daemon" [_thread_blocked, id=16104, stack(0x0000000019b10000,0x0000000019c10000)]
  0x00000000186d0000 JavaThread "Daemon periodic checks" [_thread_blocked, id=9708, stack(0x0000000019a10000,0x0000000019b10000)]
  0x00000000186cf000 JavaThread "Incoming local TCP Connector on port 51694" [_thread_in_native, id=12588, stack(0x00000000197d0000,0x00000000198d0000)]
  0x0000000017f58000 JavaThread "Daemon health stats" [_thread_blocked, id=2616, stack(0x00000000181a0000,0x00000000182a0000)]
  0x0000000015b76800 JavaThread "Service Thread" daemon [_thread_blocked, id=15192, stack(0x00000000167d0000,0x00000000168d0000)]
  0x0000000013cfe000 JavaThread "C1 CompilerThread3" daemon [_thread_blocked, id=5692, stack(0x00000000166d0000,0x00000000167d0000)]
=>0x0000000015b26800 JavaThread "C2 CompilerThread2" daemon [_thread_in_native, id=7048, stack(0x00000000165d0000,0x00000000166d0000)]
  0x0000000015b02000 JavaThread "C2 CompilerThread1" daemon [_thread_in_native, id=10584, stack(0x00000000164d0000,0x00000000165d0000)]
  0x0000000015afe000 JavaThread "C2 CompilerThread0" daemon [_thread_in_native, id=4372, stack(0x00000000163d0000,0x00000000164d0000)]
  0x0000000015afd000 JavaThread "Attach Listener" daemon [_thread_blocked, id=5344, stack(0x00000000162d0000,0x00000000163d0000)]
  0x0000000015afa000 JavaThread "Signal Dispatcher" daemon [_thread_blocked, id=7588, stack(0x00000000161d0000,0x00000000162d0000)]
  0x000000000252e000 JavaThread "Finalizer" daemon [_thread_blocked, id=10444, stack(0x0000000015fd0000,0x00000000160d0000)]
  0x0000000013cec800 JavaThread "Reference Handler" daemon [_thread_blocked, id=11928, stack(0x0000000015ed0000,0x0000000015fd0000)]
  0x000000000222e000 JavaThread "main" [_thread_blocked, id=14764, stack(0x0000000002330000,0x0000000002430000)]

Other Threads:
  0x0000000013ce8000 VMThread [stack: 0x00000000159d0000,0x0000000015ad0000] [id=17284]
  0x0000000015b77000 WatcherThread [stack: 0x00000000168d0000,0x00000000169d0000] [id=7156]

VM state:not at safepoint (normal execution)

VM Mutex/Monitor currently owned by a thread: None

heap address: 0x00000000e0000000, size: 512 MB, Compressed Oops mode: 32-bit
Narrow klass base: 0x0000000000000000, Narrow klass shift: 3
Compressed class space size: 1073741824 Address: 0x0000000100000000

Heap:
 PSYoungGen      total 76288K, used 30801K [0x00000000f5580000, 0x00000000fea80000, 0x0000000100000000)
  eden space 65536K, 46% used [0x00000000f5580000,0x00000000f7394530,0x00000000f9580000)
  from space 10752K, 0% used [0x00000000f9580000,0x00000000f9580000,0x00000000fa000000)
  to   space 10752K, 0% used [0x00000000fe000000,0x00000000fe000000,0x00000000fea80000)
 ParOldGen       total 175104K, used 11263K [0x00000000e0000000, 0x00000000eab00000, 0x00000000f5580000)
  object space 175104K, 6% used [0x00000000e0000000,0x00000000e0afff20,0x00000000eab00000)
 Metaspace       used 25598K, capacity 26050K, committed 26496K, reserved 1073152K
  class space    used 3442K, capacity 3616K, committed 3712K, reserved 1048576K

Card table byte_map: [0x00000000118f0000,0x0000000011a00000] byte_map_base: 0x00000000111f0000

Marking Bits: (ParMarkBitMap*) 0x000000005f8a9f30
 Begin Bits: [0x0000000012200000, 0x0000000012a00000)
 End Bits:   [0x0000000012a00000, 0x0000000013200000)

Polling page: 0x0000000000680000

CodeCache: size=245760Kb used=8336Kb max_used=8336Kb free=237423Kb
 bounds [0x0000000002530000, 0x0000000002d60000, 0x0000000011530000]
 total_blobs=2798 nmethods=2135 adapters=576
 compilation: enabled

Compilation events (10 events):
Event: 13.205 Thread 0x0000000013cfe000 2138       3       org.objectweb.asm.MethodWriter::visitFieldInsn (258 bytes)
Event: 13.217 Thread 0x0000000013cfe000 nmethod 2138 0x0000000002d556d0 code [0x0000000002d558c0, 0x0000000002d56318]
Event: 13.217 Thread 0x0000000013cfe000 2140       3       org.objectweb.asm.MethodWriter::visitFrameStart (55 bytes)
Event: 13.217 Thread 0x0000000013cfe000 nmethod 2140 0x0000000002d56750 code [0x0000000002d568c0, 0x0000000002d56bb0]
Event: 13.217 Thread 0x0000000013cfe000 2141       3       org.objectweb.asm.MethodWriter::visitFrameEnd (53 bytes)
Event: 13.218 Thread 0x0000000013cfe000 nmethod 2141 0x0000000002d56d50 code [0x0000000002d56ee0, 0x0000000002d57308]
Event: 13.218 Thread 0x0000000013cfe000 2142       3       org.objectweb.asm.Type::getDescriptor (18 bytes)
Event: 13.219 Thread 0x0000000013cfe000 nmethod 2142 0x0000000002d57450 code [0x0000000002d575e0, 0x0000000002d57ad8]
Event: 13.219 Thread 0x0000000013cfe000 2139       3       org.objectweb.asm.SymbolTable::addConstantFieldref (10 bytes)
Event: 13.219 Thread 0x0000000013cfe000 nmethod 2139 0x0000000002d57d10 code [0x0000000002d57e80, 0x0000000002d58028]

GC Heap History (8 events):
Event: 3.642 GC heap before
{Heap before GC invocations=1 (full 0):
 PSYoungGen      total 76288K, used 65536K [0x00000000f5580000, 0x00000000faa80000, 0x0000000100000000)
  eden space 65536K, 100% used [0x00000000f5580000,0x00000000f9580000,0x00000000f9580000)
  from space 10752K, 0% used [0x00000000fa000000,0x00000000fa000000,0x00000000faa80000)
  to   space 10752K, 0% used [0x00000000f9580000,0x00000000f9580000,0x00000000fa000000)
 ParOldGen       total 175104K, used 0K [0x00000000e0000000, 0x00000000eab00000, 0x00000000f5580000)
  object space 175104K, 0% used [0x00000000e0000000,0x00000000e0000000,0x00000000eab00000)
 Metaspace       used 8208K, capacity 8474K, committed 8576K, reserved 1056768K
  class space    used 1040K, capacity 1109K, committed 1152K, reserved 1048576K
Event: 3.671 GC heap after
Heap after GC invocations=1 (full 0):
 PSYoungGen      total 76288K, used 6473K [0x00000000f5580000, 0x00000000faa80000, 0x0000000100000000)
  eden space 65536K, 0% used [0x00000000f5580000,0x00000000f5580000,0x00000000f9580000)
  from space 10752K, 60% used [0x00000000f9580000,0x00000000f9bd2430,0x00000000fa000000)
  to   space 10752K, 0% used [0x00000000fa000000,0x00000000fa000000,0x00000000faa80000)
 ParOldGen       total 175104K, used 8K [0x00000000e0000000, 0x00000000eab00000, 0x00000000f5580000)
  object space 175104K, 0% used [0x00000000e0000000,0x00000000e0002000,0x00000000eab00000)
 Metaspace       used 8208K, capacity 8474K, committed 8576K, reserved 1056768K
  class space    used 1040K, capacity 1109K, committed 1152K, reserved 1048576K
}
Event: 8.315 GC heap before
{Heap before GC invocations=2 (full 0):
 PSYoungGen      total 76288K, used 72009K [0x00000000f5580000, 0x00000000faa80000, 0x0000000100000000)
  eden space 65536K, 100% used [0x00000000f5580000,0x00000000f9580000,0x00000000f9580000)
  from space 10752K, 60% used [0x00000000f9580000,0x00000000f9bd2430,0x00000000fa000000)
  to   space 10752K, 0% used [0x00000000fa000000,0x00000000fa000000,0x00000000faa80000)
 ParOldGen       total 175104K, used 8K [0x00000000e0000000, 0x00000000eab00000, 0x00000000f5580000)
  object space 175104K, 0% used [0x00000000e0000000,0x00000000e0002000,0x00000000eab00000)
 Metaspace       used 15003K, capacity 15364K, committed 15616K, reserved 1062912K
  class space    used 2130K, capacity 2286K, committed 2304K, reserved 1048576K
Event: 8.678 GC heap after
Heap after GC invocations=2 (full 0):
 PSYoungGen      total 76288K, used 9665K [0x00000000f5580000, 0x00000000fea80000, 0x0000000100000000)
  eden space 65536K, 0% used [0x00000000f5580000,0x00000000f5580000,0x00000000f9580000)
  from space 10752K, 89% used [0x00000000fa000000,0x00000000fa970688,0x00000000faa80000)
  to   space 10752K, 0% used [0x00000000f9580000,0x00000000f9580000,0x00000000fa000000)
 ParOldGen       total 175104K, used 16K [0x00000000e0000000, 0x00000000eab00000, 0x00000000f5580000)
  object space 175104K, 0% used [0x00000000e0000000,0x00000000e0004000,0x00000000eab00000)
 Metaspace       used 15003K, capacity 15364K, committed 15616K, reserved 1062912K
  class space    used 2130K, capacity 2286K, committed 2304K, reserved 1048576K
}
Event: 11.613 GC heap before
{Heap before GC invocations=3 (full 0):
 PSYoungGen      total 76288K, used 63966K [0x00000000f5580000, 0x00000000fea80000, 0x0000000100000000)
  eden space 65536K, 82% used [0x00000000f5580000,0x00000000f8a87558,0x00000000f9580000)
  from space 10752K, 89% used [0x00000000fa000000,0x00000000fa970688,0x00000000faa80000)
  to   space 10752K, 0% used [0x00000000f9580000,0x00000000f9580000,0x00000000fa000000)
 ParOldGen       total 175104K, used 16K [0x00000000e0000000, 0x00000000eab00000, 0x00000000f5580000)
  object space 175104K, 0% used [0x00000000e0000000,0x00000000e0004000,0x00000000eab00000)
 Metaspace       used 20740K, capacity 21104K, committed 21248K, reserved 1067008K
  class space    used 2917K, capacity 3062K, committed 3072K, reserved 1048576K
Event: 11.630 GC heap after
Heap after GC invocations=3 (full 0):
 PSYoungGen      total 76288K, used 10733K [0x00000000f5580000, 0x00000000fea80000, 0x0000000100000000)
  eden space 65536K, 0% used [0x00000000f5580000,0x00000000f5580000,0x00000000f9580000)
  from space 10752K, 99% used [0x00000000f9580000,0x00000000f9ffb600,0x00000000fa000000)
  to   space 10752K, 0% used [0x00000000fe000000,0x00000000fe000000,0x00000000fea80000)
 ParOldGen       total 175104K, used 943K [0x00000000e0000000, 0x00000000eab00000, 0x00000000f5580000)
  object space 175104K, 0% used [0x00000000e0000000,0x00000000e00ebe10,0x00000000eab00000)
 Metaspace       used 20740K, capacity 21104K, committed 21248K, reserved 1067008K
  class space    used 2917K, capacity 3062K, committed 3072K, reserved 1048576K
}
Event: 11.630 GC heap before
{Heap before GC invocations=4 (full 1):
 PSYoungGen      total 76288K, used 10733K [0x00000000f5580000, 0x00000000fea80000, 0x0000000100000000)
  eden space 65536K, 0% used [0x00000000f5580000,0x00000000f5580000,0x00000000f9580000)
  from space 10752K, 99% used [0x00000000f9580000,0x00000000f9ffb600,0x00000000fa000000)
  to   space 10752K, 0% used [0x00000000fe000000,0x00000000fe000000,0x00000000fea80000)
 ParOldGen       total 175104K, used 943K [0x00000000e0000000, 0x00000000eab00000, 0x00000000f5580000)
  object space 175104K, 0% used [0x00000000e0000000,0x00000000e00ebe10,0x00000000eab00000)
 Metaspace       used 20740K, capacity 21104K, committed 21248K, reserved 1067008K
  class space    used 2917K, capacity 3062K, committed 3072K, reserved 1048576K
Event: 11.720 GC heap after
Heap after GC invocations=4 (full 1):
 PSYoungGen      total 76288K, used 0K [0x00000000f5580000, 0x00000000fea80000, 0x0000000100000000)
  eden space 65536K, 0% used [0x00000000f5580000,0x00000000f5580000,0x00000000f9580000)
  from space 10752K, 0% used [0x00000000f9580000,0x00000000f9580000,0x00000000fa000000)
  to   space 10752K, 0% used [0x00000000fe000000,0x00000000fe000000,0x00000000fea80000)
 ParOldGen       total 175104K, used 11263K [0x00000000e0000000, 0x00000000eab00000, 0x00000000f5580000)
  object space 175104K, 6% used [0x00000000e0000000,0x00000000e0afff20,0x00000000eab00000)
 Metaspace       used 20740K, capacity 21104K, committed 21248K, reserved 1067008K
  class space    used 2917K, capacity 3062K, committed 3072K, reserved 1048576K
}

Deoptimization events (10 events):
Event: 7.334 Thread 0x0000000017297800 Uncommon trap: reason=class_check action=maybe_recompile pc=0x000000000282dd58 method=java.util.regex.Matcher.match(II)Z @ 86
Event: 7.335 Thread 0x0000000017297800 Uncommon trap: reason=class_check action=maybe_recompile pc=0x00000000027ee09c method=java.util.regex.Matcher.match(II)Z @ 86
Event: 8.794 Thread 0x0000000017297800 Uncommon trap: reason=unstable_if action=reinterpret pc=0x0000000002927274 method=java.lang.String.lastIndexOf([CII[CIII)I @ 66
Event: 10.664 Thread 0x0000000017297800 Uncommon trap: reason=unstable_if action=reinterpret pc=0x0000000002825418 method=java.io.File.getName()Ljava/lang/String; @ 16
Event: 12.293 Thread 0x0000000017297800 Uncommon trap: reason=class_check action=maybe_recompile pc=0x0000000002b57814 method=sun.misc.URLClassPath.getLoader(I)Lsun/misc/URLClassPath$Loader; @ 94
Event: 12.293 Thread 0x0000000017297800 Uncommon trap: reason=class_check action=maybe_recompile pc=0x0000000002a755c4 method=sun.misc.URLClassPath.getResource(Ljava/lang/String;Z)Lsun/misc/Resource; @ 62
Event: 12.293 Thread 0x0000000017297800 Uncommon trap: reason=unstable_if action=reinterpret pc=0x0000000002bc9a68 method=java.lang.String.regionMatches(ZILjava/lang/String;II)Z @ 41
Event: 12.314 Thread 0x0000000017297800 Uncommon trap: reason=unstable_if action=reinterpret pc=0x0000000002a0d170 method=java.lang.ClassLoader.getClassLoadingLock(Ljava/lang/String;)Ljava/lang/Object; @ 6
Event: 12.442 Thread 0x0000000017297800 Uncommon trap: reason=class_check action=maybe_recompile pc=0x0000000002b57908 method=sun.misc.URLClassPath.getLoader(I)Lsun/misc/URLClassPath$Loader; @ 239
Event: 12.516 Thread 0x0000000017297800 Uncommon trap: reason=class_check action=maybe_recompile pc=0x0000000002b57908 method=sun.misc.URLClassPath.getLoader(I)Lsun/misc/URLClassPath$Loader; @ 239

Classes redefined (0 events):
No events

Internal exceptions (10 events):
Event: 12.803 Thread 0x0000000017297800 Exception <a 'java/lang/ClassNotFoundException': org/gradle/initialization/DefaultSettings_DecoratedBeanInfo> (0x00000000f6c7e078) thrown at [D:\src\AOSP-openjdk-cygwin\jdk8u\hotspot\src\share\vm\classfile\systemDictionary.cpp, line 210]
Event: 12.804 Thread 0x0000000017297800 Exception <a 'java/lang/ClassNotFoundException': org/gradle/initialization/DefaultSettingsBeanInfo> (0x00000000f6ca4690) thrown at [D:\src\AOSP-openjdk-cygwin\jdk8u\hotspot\src\share\vm\classfile\systemDictionary.cpp, line 210]
Event: 12.805 Thread 0x0000000017297800 Exception <a 'java/lang/ClassNotFoundException': org/gradle/api/internal/project/AbstractPluginAwareBeanInfo> (0x00000000f6cd05c8) thrown at [D:\src\AOSP-openjdk-cygwin\jdk8u\hotspot\src\share\vm\classfile\systemDictionary.cpp, line 210]
Event: 12.806 Thread 0x0000000017297800 Exception <a 'java/lang/ClassNotFoundException': org/gradle/api/internal/project/AbstractPluginAwareCustomizer> (0x00000000f6cfd050) thrown at [D:\src\AOSP-openjdk-cygwin\jdk8u\hotspot\src\share\vm\classfile\systemDictionary.cpp, line 210]
Event: 12.808 Thread 0x0000000017297800 Exception <a 'java/lang/ClassNotFoundException': org/gradle/initialization/DefaultSettingsCustomizer> (0x00000000f6d2cf40) thrown at [D:\src\AOSP-openjdk-cygwin\jdk8u\hotspot\src\share\vm\classfile\systemDictionary.cpp, line 210]
Event: 12.838 Thread 0x0000000017297800 Exception <a 'java/lang/ClassNotFoundException': org/gradle/initialization/DefaultSettings_DecoratedCustomizer> (0x00000000f6d927a0) thrown at [D:\src\AOSP-openjdk-cygwin\jdk8u\hotspot\src\share\vm\classfile\systemDictionary.cpp, line 210]
Event: 13.043 Thread 0x0000000017695800 Exception <a 'java/lang/NoSuchMethodError': <clinit>> (0x00000000f5589f00) thrown at [D:\src\AOSP-openjdk-cygwin\jdk8u\hotspot\src\share\vm\prims\jni.cpp, line 1614]
Event: 13.048 Thread 0x0000000017695800 Exception <a 'java/lang/NoSuchMethodError': <clinit>> (0x00000000f559fb08) thrown at [D:\src\AOSP-openjdk-cygwin\jdk8u\hotspot\src\share\vm\prims\jni.cpp, line 1614]
Event: 13.049 Thread 0x0000000017695800 Exception <a 'java/lang/NoSuchMethodError': <clinit>> (0x00000000f55a0820) thrown at [D:\src\AOSP-openjdk-cygwin\jdk8u\hotspot\src\share\vm\prims\jni.cpp, line 1614]
Event: 13.049 Thread 0x0000000017695800 Exception <a 'java/lang/NoSuchMethodError': <clinit>> (0x00000000f55a1d58) thrown at [D:\src\AOSP-openjdk-cygwin\jdk8u\hotspot\src\share\vm\prims\jni.cpp, line 1614]

Events (10 events):
Event: 13.164 loading class org/gradle/configuration/project/ProjectConfigurationActionContainer
Event: 13.164 loading class org/gradle/configuration/project/ProjectConfigurationActionContainer done
Event: 13.164 loading class org/gradle/internal/model/RuleBasedPluginListener
Event: 13.164 loading class org/gradle/internal/model/RuleBasedPluginListener done
Event: 13.164 loading class org/gradle/api/internal/tasks/TaskContainerInternal
Event: 13.164 loading class org/gradle/api/internal/tasks/TaskContainerInternal done
Event: 13.165 loading class org/gradle/api/internal/PolymorphicDomainObjectContainerInternal
Event: 13.165 loading class org/gradle/api/internal/PolymorphicDomainObjectContainerInternal done
Event: 13.206 loading class org/gradle/internal/instantiation/AsmBackedClassGenerator$ClassBuilderImpl$ReturnTypeEntry
Event: 13.206 loading class org/gradle/internal/instantiation/AsmBackedClassGenerator$ClassBuilderImpl$ReturnTypeEntry done


Dynamic libraries:
0x00007ff6b3850000 - 0x00007ff6b3881000 	D:\softwares\Android\Android Studio\jre\bin\java.exe
0x00007ffe47b00000 - 0x00007ffe47cf0000 	C:\WINDOWS\SYSTEM32\ntdll.dll
0x00007ffe46190000 - 0x00007ffe46242000 	C:\WINDOWS\System32\KERNEL32.DLL
0x00007ffe44ca0000 - 0x00007ffe44f43000 	C:\WINDOWS\System32\KERNELBASE.dll
0x00007ffe460d0000 - 0x00007ffe46173000 	C:\WINDOWS\System32\ADVAPI32.dll
0x00007ffe47840000 - 0x00007ffe478de000 	C:\WINDOWS\System32\msvcrt.dll
0x00007ffe472b0000 - 0x00007ffe47347000 	C:\WINDOWS\System32\sechost.dll
0x00007ffe47430000 - 0x00007ffe47550000 	C:\WINDOWS\System32\RPCRT4.dll
0x00007ffe47550000 - 0x00007ffe476e4000 	C:\WINDOWS\System32\USER32.dll
0x00007ffe45b50000 - 0x00007ffe45b71000 	C:\WINDOWS\System32\win32u.dll
0x00007ffe47280000 - 0x00007ffe472a6000 	C:\WINDOWS\System32\GDI32.dll
0x00007ffe44b00000 - 0x00007ffe44c94000 	C:\WINDOWS\System32\gdi32full.dll
0x00007ffe45a00000 - 0x00007ffe45a9e000 	C:\WINDOWS\System32\msvcp_win.dll
0x00007ffe457b0000 - 0x00007ffe458aa000 	C:\WINDOWS\System32\ucrtbase.dll
0x00007ffe2fab0000 - 0x00007ffe2fd35000 	C:\WINDOWS\WinSxS\amd64_microsoft.windows.common-controls_6595b64144ccf1df_6.0.18362.418_none_e6c6b287130d565d\COMCTL32.dll
0x00007ffe45d90000 - 0x00007ffe460c6000 	C:\WINDOWS\System32\combase.dll
0x00007ffe44f50000 - 0x00007ffe44fd0000 	C:\WINDOWS\System32\bcryptPrimitives.dll
0x00007ffe478e0000 - 0x00007ffe4790e000 	C:\WINDOWS\System32\IMM32.DLL
0x000000005ef20000 - 0x000000005eff2000 	D:\softwares\Android\Android Studio\jre\jre\bin\msvcr100.dll
0x000000005f0e0000 - 0x000000005f926000 	D:\softwares\Android\Android Studio\jre\jre\bin\server\jvm.dll
0x00007ffe46910000 - 0x00007ffe46918000 	C:\WINDOWS\System32\PSAPI.DLL
0x00007ffe42690000 - 0x00007ffe42699000 	C:\WINDOWS\SYSTEM32\WSOCK32.dll
0x00007ffe47350000 - 0x00007ffe473bf000 	C:\WINDOWS\System32\WS2_32.dll
0x00007ffe41f40000 - 0x00007ffe41f64000 	C:\WINDOWS\SYSTEM32\WINMM.dll
0x00007ffe41f70000 - 0x00007ffe41f7a000 	C:\WINDOWS\SYSTEM32\VERSION.dll
0x00007ffe41f10000 - 0x00007ffe41f3d000 	C:\WINDOWS\SYSTEM32\WINMMBASE.dll
0x00007ffe44a90000 - 0x00007ffe44ada000 	C:\WINDOWS\System32\cfgmgr32.dll
0x00007ffe41580000 - 0x00007ffe4158f000 	D:\softwares\Android\Android Studio\jre\jre\bin\verify.dll
0x00007ffe3f4c0000 - 0x00007ffe3f4e9000 	D:\softwares\Android\Android Studio\jre\jre\bin\java.dll
0x00007ffe3e3b0000 - 0x00007ffe3e3c6000 	D:\softwares\Android\Android Studio\jre\jre\bin\zip.dll
0x00007ffe46b90000 - 0x00007ffe47275000 	C:\WINDOWS\System32\SHELL32.dll
0x00007ffe45ce0000 - 0x00007ffe45d89000 	C:\WINDOWS\System32\shcore.dll
0x00007ffe45030000 - 0x00007ffe457af000 	C:\WINDOWS\System32\windows.storage.dll
0x00007ffe44a20000 - 0x00007ffe44a3f000 	C:\WINDOWS\System32\profapi.dll
0x00007ffe44a40000 - 0x00007ffe44a8a000 	C:\WINDOWS\System32\powrprof.dll
0x00007ffe449d0000 - 0x00007ffe449e0000 	C:\WINDOWS\System32\UMPDC.dll
0x00007ffe46440000 - 0x00007ffe46492000 	C:\WINDOWS\System32\shlwapi.dll
0x00007ffe449e0000 - 0x00007ffe449f1000 	C:\WINDOWS\System32\kernel.appcore.dll
0x00007ffe44ae0000 - 0x00007ffe44af7000 	C:\WINDOWS\System32\cryptsp.dll
0x00007ffe3e2a0000 - 0x00007ffe3e2ba000 	D:\softwares\Android\Android Studio\jre\jre\bin\net.dll
0x00007ffe44240000 - 0x00007ffe442a7000 	C:\WINDOWS\system32\mswsock.dll
0x00007ffe3e280000 - 0x00007ffe3e291000 	D:\softwares\Android\Android Studio\jre\jre\bin\nio.dll
0x00007ffe30550000 - 0x00007ffe30576000 	C:\Users\Kamal Johnson\.gradle\native\29\windows-amd64\native-platform.dll
0x00007ffe40c10000 - 0x00007ffe40c1d000 	D:\softwares\Android\Android Studio\jre\jre\bin\management.dll
0x00007ffe43d50000 - 0x00007ffe43d83000 	C:\WINDOWS\system32\rsaenh.dll
0x00007ffe45b80000 - 0x00007ffe45ba6000 	C:\WINDOWS\System32\bcrypt.dll
0x00007ffe448f0000 - 0x00007ffe44915000 	C:\WINDOWS\SYSTEM32\USERENV.dll
0x00007ffe44410000 - 0x00007ffe4441c000 	C:\WINDOWS\SYSTEM32\CRYPTBASE.dll
0x00007ffe43ef0000 - 0x00007ffe43f2a000 	C:\WINDOWS\SYSTEM32\IPHLPAPI.DLL
0x00007ffe46430000 - 0x00007ffe46438000 	C:\WINDOWS\System32\NSI.dll
0x00007ffe35250000 - 0x00007ffe35266000 	C:\WINDOWS\SYSTEM32\dhcpcsvc6.DLL
0x00007ffe35690000 - 0x00007ffe356ac000 	C:\WINDOWS\SYSTEM32\dhcpcsvc.DLL
0x00007ffe43f90000 - 0x00007ffe4405a000 	C:\WINDOWS\SYSTEM32\DNSAPI.dll

VM Arguments:
jvm_args: -XX:MaxMetaspaceSize=256m -XX:+HeapDumpOnOutOfMemoryError -Xms256m -Xmx512m -Dfile.encoding=windows-1252 -Duser.country=US -Duser.language=en -Duser.variant 
java_command: org.gradle.launcher.daemon.bootstrap.GradleDaemon 5.4.1
java_class_path (initial): C:\Users\Kamal Johnson\.gradle\wrapper\dists\gradle-5.4.1-all\3221gyojl5jsh0helicew7rwx\gradle-5.4.1\lib\gradle-launcher-5.4.1.jar
Launcher Type: SUN_STANDARD

Environment Variables:
PATH=C:\Program Files (x86)\Intel\Intel(R) Management Engine Components\iCLS\;C:\Program Files\Intel\Intel(R) Management Engine Components\iCLS\;C:\WINDOWS\system32;C:\WINDOWS;C:\WINDOWS\System32\Wbem;C:\WINDOWS\System32\WindowsPowerShell\v1.0\;C:\WINDOWS\System32\OpenSSH\;C:\Program Files (x86)\Intel\Intel(R) Management Engine Components\DAL;C:\Program Files\Intel\Intel(R) Management Engine Components\DAL;C:\Program Files\dotnet\;C:\Program Files\Microsoft SQL Server\130\Tools\Binn\;C:\Program Files\Microsoft SQL Server\Client SDK\ODBC\170\Tools\Binn\;C:\Program Files\Git\cmd;C:\Program Files\nodejs\;C:\Users\Kamal Johnson\AppData\Local\Microsoft\WindowsApps;C:\Users\Kamal Johnson\AppData\Local\Programs\Microsoft VS Code\bin;C:\Users\Kamal Johnson\AppData\Roaming\npm;D:\softwares\Android\Android Studio\jre;
USERNAME=Kamal Johnson
OS=Windows_NT
PROCESSOR_IDENTIFIER=Intel64 Family 6 Model 142 Stepping 11, GenuineIntel



---------------  S Y S T E M  ---------------

OS: Windows 10.0 , 64 bit Build 18362 (10.0.18362.329)

CPU:total 8 (initial active 8) (4 cores per cpu, 2 threads per core) family 6 model 142 stepping 11, cmov, cx8, fxsr, mmx, sse, sse2, sse3, ssse3, sse4.1, sse4.2, popcnt, avx, avx2, aes, clmul, erms, 3dnowpref, lzcnt, ht, tsc, tscinvbit, bmi1, bmi2, adx

Memory: 4k page, physical 16562632k(2183024k free), swap 48832580k(6128k free)

vm_info: OpenJDK 64-Bit Server VM (25.202-b03) for windows-amd64 JRE (1.8.0_202-release-1483-b03), built by "builder" with MS VC++ 10.0 (VS2010)

time: Mon Nov 18 06:04:11 2019
timezone: India Standard Time
elapsed time: 13 seconds (0d 0h 0m 13s)

