#
# There is insufficient memory for the Java Runtime Environment to continue.
# Native memory allocation (malloc) failed to allocate 2315856 bytes for Chunk::new
# Possible reasons:
#   The system is out of physical RAM or swap space
#   The process is running with CompressedOops enabled, and the Java Heap may be blocking the growth of the native heap
# Possible solutions:
#   Reduce memory load on the system
#   Increase physical memory or swap space
#   Check if swap backing store is full
#   Decrease Java heap size (-Xmx/-Xms)
#   Decrease number of Java threads
#   Decrease Java thread stack sizes (-Xss)
#   Set larger code cache with -XX:ReservedCodeCacheSize=
#   JVM is running with Unscaled Compressed Oops mode in which the Java heap is
#     placed in the first 4GB address space. The Java Heap base address is the
#     maximum limit for the native heap growth. Please use -XX:HeapBaseMinAddress
#     to set the Java Heap base and to place the Java Heap above 4GB virtual address.
# This output file may be truncated or incomplete.
#
#  Out of Memory Error (allocation.cpp:389), pid=888, tid=0x0000000000003868
#
# JRE version: OpenJDK Runtime Environment (8.0_202-b03) (build 1.8.0_202-release-1483-b03)
# Java VM: OpenJDK 64-Bit Server VM (25.202-b03 mixed mode windows-amd64 compressed oops)
# Failed to write core dump. Minidumps are not enabled by default on client versions of Windows
#

---------------  T H R E A D  ---------------

Current thread (0x0000000018b8c000):  JavaThread "C2 CompilerThread0" daemon [_thread_in_native, id=14440, stack(0x0000000019460000,0x0000000019560000)]

Stack: [0x0000000019460000,0x0000000019560000]
[error occurred during error reporting (printing stack bounds), id 0xc0000005]

Native frames: (J=compiled Java code, j=interpreted, Vv=VM code, C=native code)


Current CompileTask:
C2:  13207 2003       4       java.net.URLClassLoader$1::run (5 bytes)


---------------  P R O C E S S  ---------------

Java Threads: ( => current thread )
  0x0000000018d6c800 JavaThread "Cache worker for file hash cache (D:\projects\vendx\user-app\.gradle\5.4.1\fileHashes)" [_thread_blocked, id=7920, stack(0x000000001ec70000,0x000000001ed70000)]
  0x0000000018d67000 JavaThread "File lock release action executor" [_thread_blocked, id=10720, stack(0x000000001d7a0000,0x000000001d8a0000)]
  0x0000000018d6d000 JavaThread "Cache worker for journal cache (C:\Users\Kamal Johnson\.gradle\caches\journal-1)" [_thread_blocked, id=13792, stack(0x000000001d6a0000,0x000000001d7a0000)]
  0x0000000018d6e000 JavaThread "File lock request listener" [_thread_in_native, id=8184, stack(0x000000001d5a0000,0x000000001d6a0000)]
  0x0000000018d6b000 JavaThread "Cache worker for file hash cache (C:\Users\Kamal Johnson\.gradle\caches\5.4.1\fileHashes)" [_thread_blocked, id=16568, stack(0x000000001d4a0000,0x000000001d5a0000)]
  0x000000001af91800 JavaThread "Thread-9" [_thread_blocked, id=16840, stack(0x000000001d3a0000,0x000000001d4a0000)]
  0x000000001af90800 JavaThread "Stdin handler" [_thread_blocked, id=3768, stack(0x000000001d2a0000,0x000000001d3a0000)]
  0x0000000018d97000 JavaThread "Asynchronous log dispatcher for DefaultDaemonConnection: socket connection from /127.0.0.1:51695 to /127.0.0.1:51697" [_thread_blocked, id=13928, stack(0x000000001d1a0000,0x000000001d2a0000)]
  0x000000001aa2f800 JavaThread "Daemon worker" [_thread_in_Java, id=7896, stack(0x000000001d0a0000,0x000000001d1a0000)]
  0x000000001b206800 JavaThread "Cancel handler" [_thread_blocked, id=12316, stack(0x000000001cfa0000,0x000000001d0a0000)]
  0x000000001b41b800 JavaThread "Handler for socket connection from /127.0.0.1:51695 to /127.0.0.1:51697" [_thread_in_native, id=6484, stack(0x000000001cca0000,0x000000001cda0000)]
  0x000000001b41a800 JavaThread "Daemon" [_thread_blocked, id=14920, stack(0x000000001cba0000,0x000000001cca0000)]
  0x000000001b61c000 JavaThread "Daemon periodic checks" [_thread_blocked, id=11408, stack(0x000000001caa0000,0x000000001cba0000)]
  0x000000001b4ea800 JavaThread "Incoming local TCP Connector on port 51695" [_thread_in_native, id=10672, stack(0x000000001c860000,0x000000001c960000)]
  0x000000001b1c8000 JavaThread "Daemon health stats" [_thread_blocked, id=11184, stack(0x000000001b230000,0x000000001b330000)]
  0x0000000018c2d800 JavaThread "Service Thread" daemon [_thread_blocked, id=6268, stack(0x0000000019860000,0x0000000019960000)]
  0x0000000018bc2800 JavaThread "C1 CompilerThread3" daemon [_thread_blocked, id=15016, stack(0x0000000019760000,0x0000000019860000)]
  0x0000000018b9e800 JavaThread "C2 CompilerThread2" daemon [_thread_blocked, id=10196, stack(0x0000000019660000,0x0000000019760000)]
  0x0000000018b90000 JavaThread "C2 CompilerThread1" daemon [_thread_in_native, id=14612, stack(0x0000000019560000,0x0000000019660000)]
=>0x0000000018b8c000 JavaThread "C2 CompilerThread0" daemon [_thread_in_native, id=14440, stack(0x0000000019460000,0x0000000019560000)]
  0x0000000018b87000 JavaThread "Attach Listener" daemon [_thread_blocked, id=16228, stack(0x0000000019360000,0x0000000019460000)]
  0x0000000018b84000 JavaThread "Signal Dispatcher" daemon [_thread_blocked, id=12492, stack(0x0000000019260000,0x0000000019360000)]
  0x0000000002fb8800 JavaThread "Finalizer" daemon [_thread_blocked, id=9356, stack(0x0000000019060000,0x0000000019160000)]
  0x0000000016d7c800 JavaThread "Reference Handler" daemon [_thread_blocked, id=8668, stack(0x0000000018f60000,0x0000000019060000)]
  0x0000000002e7e800 JavaThread "main" [_thread_blocked, id=11120, stack(0x0000000002d60000,0x0000000002e60000)]

Other Threads:
  0x0000000016d77800 VMThread [stack: 0x0000000018a60000,0x0000000018b60000] [id=11200]
  0x0000000018c17800 WatcherThread [stack: 0x0000000019960000,0x0000000019a60000] [id=11672]

VM state:not at safepoint (normal execution)

VM Mutex/Monitor currently owned by a thread: None

heap address: 0x00000000a0000000, size: 1536 MB, Compressed Oops mode: 32-bit
Narrow klass base: 0x0000000000000000, Narrow klass shift: 3
Compressed class space size: 1073741824 Address: 0x0000000100000000

Heap:
 PSYoungGen      total 75776K, used 30934K [0x00000000e0000000, 0x00000000e9400000, 0x0000000100000000)
  eden space 65024K, 47% used [0x00000000e0000000,0x00000000e1e35860,0x00000000e3f80000)
  from space 10752K, 0% used [0x00000000e3f80000,0x00000000e3f80000,0x00000000e4a00000)
  to   space 10752K, 0% used [0x00000000e8980000,0x00000000e8980000,0x00000000e9400000)
 ParOldGen       total 95744K, used 11368K [0x00000000a0000000, 0x00000000a5d80000, 0x00000000e0000000)
  object space 95744K, 11% used [0x00000000a0000000,0x00000000a0b1a010,0x00000000a5d80000)
 Metaspace       used 25638K, capacity 26090K, committed 26496K, reserved 1073152K
  class space    used 3456K, capacity 3648K, committed 3712K, reserved 1048576K

Card table byte_map: [0x0000000012380000,0x0000000012690000] byte_map_base: 0x0000000011e80000

Marking Bits: (ParMarkBitMap*) 0x000000005f8a9f30
 Begin Bits: [0x0000000013090000, 0x0000000014890000)
 End Bits:   [0x0000000014890000, 0x0000000016090000)

Polling page: 0x0000000001030000

CodeCache: size=245760Kb used=8170Kb max_used=8184Kb free=237590Kb
 bounds [0x0000000002fc0000, 0x00000000037d0000, 0x0000000011fc0000]
 total_blobs=2742 nmethods=2079 adapters=576
 compilation: enabled

Compilation events (10 events):
Event: 13.160 Thread 0x0000000018bc2800 2112       3       org.objectweb.asm.MethodWriter::visitFrameEnd (53 bytes)
Event: 13.160 Thread 0x0000000018bc2800 nmethod 2112 0x00000000037b9350 code [0x00000000037b94e0, 0x00000000037b9908]
Event: 13.160 Thread 0x0000000018bc2800 2108       1       org.gradle.internal.instantiation.AbstractClassGenerator$PropertyMetadata::access$400 (5 bytes)
Event: 13.161 Thread 0x0000000018bc2800 nmethod 2108 0x00000000037b4250 code [0x00000000037b43a0, 0x00000000037b4490]
Event: 13.161 Thread 0x0000000018bc2800 2113       3       org.objectweb.asm.Frame::setLocal (65 bytes)
Event: 13.161 Thread 0x0000000018bc2800 nmethod 2113 0x00000000037b9a50 code [0x00000000037b9be0, 0x00000000037ba058]
Event: 13.162 Thread 0x0000000018bc2800 2114       3       org.objectweb.asm.ByteVector::putByteArray (49 bytes)
Event: 13.162 Thread 0x0000000018bc2800 nmethod 2114 0x00000000037ba210 code [0x00000000037ba380, 0x00000000037ba6b8]
Event: 13.173 Thread 0x0000000018bc2800 2115       3       org.gradle.internal.service.DefaultServiceRegistry$InstanceUnpackingVisitor::visit (24 bytes)
Event: 13.174 Thread 0x0000000018bc2800 nmethod 2115 0x00000000037ba7d0 code [0x00000000037ba980, 0x00000000037baf58]

GC Heap History (8 events):
Event: 3.610 GC heap before
{Heap before GC invocations=1 (full 0):
 PSYoungGen      total 75776K, used 65024K [0x00000000e0000000, 0x00000000e5480000, 0x0000000100000000)
  eden space 65024K, 100% used [0x00000000e0000000,0x00000000e3f80000,0x00000000e3f80000)
  from space 10752K, 0% used [0x00000000e4a00000,0x00000000e4a00000,0x00000000e5480000)
  to   space 10752K, 0% used [0x00000000e3f80000,0x00000000e3f80000,0x00000000e4a00000)
 ParOldGen       total 173568K, used 0K [0x00000000a0000000, 0x00000000aa980000, 0x00000000e0000000)
  object space 173568K, 0% used [0x00000000a0000000,0x00000000a0000000,0x00000000aa980000)
 Metaspace       used 8178K, capacity 8482K, committed 8576K, reserved 1056768K
  class space    used 1035K, capacity 1109K, committed 1152K, reserved 1048576K
Event: 3.629 GC heap after
Heap after GC invocations=1 (full 0):
 PSYoungGen      total 75776K, used 6413K [0x00000000e0000000, 0x00000000e5480000, 0x0000000100000000)
  eden space 65024K, 0% used [0x00000000e0000000,0x00000000e0000000,0x00000000e3f80000)
  from space 10752K, 59% used [0x00000000e3f80000,0x00000000e45c36a8,0x00000000e4a00000)
  to   space 10752K, 0% used [0x00000000e4a00000,0x00000000e4a00000,0x00000000e5480000)
 ParOldGen       total 173568K, used 16K [0x00000000a0000000, 0x00000000aa980000, 0x00000000e0000000)
  object space 173568K, 0% used [0x00000000a0000000,0x00000000a0004000,0x00000000aa980000)
 Metaspace       used 8178K, capacity 8482K, committed 8576K, reserved 1056768K
  class space    used 1035K, capacity 1109K, committed 1152K, reserved 1048576K
}
Event: 8.713 GC heap before
{Heap before GC invocations=2 (full 0):
 PSYoungGen      total 75776K, used 71437K [0x00000000e0000000, 0x00000000e5480000, 0x0000000100000000)
  eden space 65024K, 100% used [0x00000000e0000000,0x00000000e3f80000,0x00000000e3f80000)
  from space 10752K, 59% used [0x00000000e3f80000,0x00000000e45c36a8,0x00000000e4a00000)
  to   space 10752K, 0% used [0x00000000e4a00000,0x00000000e4a00000,0x00000000e5480000)
 ParOldGen       total 173568K, used 16K [0x00000000a0000000, 0x00000000aa980000, 0x00000000e0000000)
  object space 173568K, 0% used [0x00000000a0000000,0x00000000a0004000,0x00000000aa980000)
 Metaspace       used 14972K, capacity 15372K, committed 15616K, reserved 1062912K
  class space    used 2129K, capacity 2286K, committed 2304K, reserved 1048576K
Event: 9.004 GC heap after
Heap after GC invocations=2 (full 0):
 PSYoungGen      total 75776K, used 9620K [0x00000000e0000000, 0x00000000e5480000, 0x0000000100000000)
  eden space 65024K, 0% used [0x00000000e0000000,0x00000000e0000000,0x00000000e3f80000)
  from space 10752K, 89% used [0x00000000e4a00000,0x00000000e5365008,0x00000000e5480000)
  to   space 10752K, 0% used [0x00000000e3f80000,0x00000000e3f80000,0x00000000e4a00000)
 ParOldGen       total 173568K, used 24K [0x00000000a0000000, 0x00000000aa980000, 0x00000000e0000000)
  object space 173568K, 0% used [0x00000000a0000000,0x00000000a0006000,0x00000000aa980000)
 Metaspace       used 14972K, capacity 15372K, committed 15616K, reserved 1062912K
  class space    used 2129K, capacity 2286K, committed 2304K, reserved 1048576K
}
Event: 11.598 GC heap before
{Heap before GC invocations=3 (full 0):
 PSYoungGen      total 75776K, used 64724K [0x00000000e0000000, 0x00000000e5480000, 0x0000000100000000)
  eden space 65024K, 84% used [0x00000000e0000000,0x00000000e35d0190,0x00000000e3f80000)
  from space 10752K, 89% used [0x00000000e4a00000,0x00000000e5365008,0x00000000e5480000)
  to   space 10752K, 0% used [0x00000000e3f80000,0x00000000e3f80000,0x00000000e4a00000)
 ParOldGen       total 173568K, used 24K [0x00000000a0000000, 0x00000000aa980000, 0x00000000e0000000)
  object space 173568K, 0% used [0x00000000a0000000,0x00000000a0006000,0x00000000aa980000)
 Metaspace       used 20777K, capacity 21112K, committed 21248K, reserved 1067008K
  class space    used 2918K, capacity 3062K, committed 3072K, reserved 1048576K
Event: 11.621 GC heap after
Heap after GC invocations=3 (full 0):
 PSYoungGen      total 75776K, used 10751K [0x00000000e0000000, 0x00000000e9400000, 0x0000000100000000)
  eden space 65024K, 0% used [0x00000000e0000000,0x00000000e0000000,0x00000000e3f80000)
  from space 10752K, 99% used [0x00000000e3f80000,0x00000000e49fffe8,0x00000000e4a00000)
  to   space 10752K, 0% used [0x00000000e8980000,0x00000000e8980000,0x00000000e9400000)
 ParOldGen       total 173568K, used 977K [0x00000000a0000000, 0x00000000aa980000, 0x00000000e0000000)
  object space 173568K, 0% used [0x00000000a0000000,0x00000000a00f4608,0x00000000aa980000)
 Metaspace       used 20777K, capacity 21112K, committed 21248K, reserved 1067008K
  class space    used 2918K, capacity 3062K, committed 3072K, reserved 1048576K
}
Event: 11.621 GC heap before
{Heap before GC invocations=4 (full 1):
 PSYoungGen      total 75776K, used 10751K [0x00000000e0000000, 0x00000000e9400000, 0x0000000100000000)
  eden space 65024K, 0% used [0x00000000e0000000,0x00000000e0000000,0x00000000e3f80000)
  from space 10752K, 99% used [0x00000000e3f80000,0x00000000e49fffe8,0x00000000e4a00000)
  to   space 10752K, 0% used [0x00000000e8980000,0x00000000e8980000,0x00000000e9400000)
 ParOldGen       total 173568K, used 977K [0x00000000a0000000, 0x00000000aa980000, 0x00000000e0000000)
  object space 173568K, 0% used [0x00000000a0000000,0x00000000a00f4608,0x00000000aa980000)
 Metaspace       used 20777K, capacity 21112K, committed 21248K, reserved 1067008K
  class space    used 2918K, capacity 3062K, committed 3072K, reserved 1048576K
Event: 11.719 GC heap after
Heap after GC invocations=4 (full 1):
 PSYoungGen      total 75776K, used 0K [0x00000000e0000000, 0x00000000e9400000, 0x0000000100000000)
  eden space 65024K, 0% used [0x00000000e0000000,0x00000000e0000000,0x00000000e3f80000)
  from space 10752K, 0% used [0x00000000e3f80000,0x00000000e3f80000,0x00000000e4a00000)
  to   space 10752K, 0% used [0x00000000e8980000,0x00000000e8980000,0x00000000e9400000)
 ParOldGen       total 95744K, used 11368K [0x00000000a0000000, 0x00000000a5d80000, 0x00000000e0000000)
  object space 95744K, 11% used [0x00000000a0000000,0x00000000a0b1a010,0x00000000a5d80000)
 Metaspace       used 20777K, capacity 21112K, committed 21248K, reserved 1067008K
  class space    used 2918K, capacity 3062K, committed 3072K, reserved 1048576K
}

Deoptimization events (10 events):
Event: 7.261 Thread 0x000000001aa2f800 Uncommon trap: reason=class_check action=maybe_recompile pc=0x00000000032b2b98 method=java.util.regex.Matcher.match(II)Z @ 86
Event: 7.261 Thread 0x000000001aa2f800 Uncommon trap: reason=class_check action=maybe_recompile pc=0x0000000003271d1c method=java.util.regex.Matcher.match(II)Z @ 86
Event: 9.089 Thread 0x000000001aa2f800 Uncommon trap: reason=unstable_if action=reinterpret pc=0x000000000339c1f4 method=java.lang.String.lastIndexOf([CII[CIII)I @ 66
Event: 10.625 Thread 0x000000001aa2f800 Uncommon trap: reason=unstable_if action=reinterpret pc=0x00000000032aac58 method=java.io.File.getName()Ljava/lang/String; @ 16
Event: 12.307 Thread 0x000000001aa2f800 Uncommon trap: reason=class_check action=maybe_recompile pc=0x00000000030cf714 method=sun.misc.URLClassPath.getLoader(I)Lsun/misc/URLClassPath$Loader; @ 94
Event: 12.307 Thread 0x000000001aa2f800 Uncommon trap: reason=class_check action=maybe_recompile pc=0x00000000034e4db4 method=sun.misc.URLClassPath.getResource(Ljava/lang/String;Z)Lsun/misc/Resource; @ 62
Event: 12.307 Thread 0x000000001aa2f800 Uncommon trap: reason=unstable_if action=reinterpret pc=0x000000000361a3a8 method=java.lang.String.regionMatches(ZILjava/lang/String;II)Z @ 41
Event: 12.351 Thread 0x000000001aa2f800 Uncommon trap: reason=unstable_if action=reinterpret pc=0x000000000347cfe8 method=java.lang.ClassLoader.getClassLoadingLock(Ljava/lang/String;)Ljava/lang/Object; @ 6
Event: 12.438 Thread 0x000000001aa2f800 Uncommon trap: reason=class_check action=maybe_recompile pc=0x00000000030cf808 method=sun.misc.URLClassPath.getLoader(I)Lsun/misc/URLClassPath$Loader; @ 239
Event: 12.484 Thread 0x000000001aa2f800 Uncommon trap: reason=class_check action=maybe_recompile pc=0x00000000030cf808 method=sun.misc.URLClassPath.getLoader(I)Lsun/misc/URLClassPath$Loader; @ 239

Classes redefined (0 events):
No events

Internal exceptions (10 events):
Event: 12.698 Thread 0x000000001aa2f800 Exception <a 'java/lang/ClassNotFoundException': org/gradle/initialization/DefaultSettings_DecoratedBeanInfo> (0x00000000e16a7140) thrown at [D:\src\AOSP-openjdk-cygwin\jdk8u\hotspot\src\share\vm\classfile\systemDictionary.cpp, line 210]
Event: 12.699 Thread 0x000000001aa2f800 Exception <a 'java/lang/ClassNotFoundException': org/gradle/initialization/DefaultSettingsBeanInfo> (0x00000000e16cd758) thrown at [D:\src\AOSP-openjdk-cygwin\jdk8u\hotspot\src\share\vm\classfile\systemDictionary.cpp, line 210]
Event: 12.700 Thread 0x000000001aa2f800 Exception <a 'java/lang/ClassNotFoundException': org/gradle/api/internal/project/AbstractPluginAwareBeanInfo> (0x00000000e16f95b0) thrown at [D:\src\AOSP-openjdk-cygwin\jdk8u\hotspot\src\share\vm\classfile\systemDictionary.cpp, line 210]
Event: 12.701 Thread 0x000000001aa2f800 Exception <a 'java/lang/ClassNotFoundException': org/gradle/api/internal/project/AbstractPluginAwareCustomizer> (0x00000000e1726088) thrown at [D:\src\AOSP-openjdk-cygwin\jdk8u\hotspot\src\share\vm\classfile\systemDictionary.cpp, line 210]
Event: 12.704 Thread 0x000000001aa2f800 Exception <a 'java/lang/ClassNotFoundException': org/gradle/initialization/DefaultSettingsCustomizer> (0x00000000e1755f78) thrown at [D:\src\AOSP-openjdk-cygwin\jdk8u\hotspot\src\share\vm\classfile\systemDictionary.cpp, line 210]
Event: 12.709 Thread 0x000000001aa2f800 Exception <a 'java/lang/ClassNotFoundException': org/gradle/initialization/DefaultSettings_DecoratedCustomizer> (0x00000000e17bb620) thrown at [D:\src\AOSP-openjdk-cygwin\jdk8u\hotspot\src\share\vm\classfile\systemDictionary.cpp, line 210]
Event: 12.962 Thread 0x000000001af91800 Exception <a 'java/lang/NoSuchMethodError': <clinit>> (0x00000000e0009e20) thrown at [D:\src\AOSP-openjdk-cygwin\jdk8u\hotspot\src\share\vm\prims\jni.cpp, line 1614]
Event: 12.965 Thread 0x000000001af91800 Exception <a 'java/lang/NoSuchMethodError': <clinit>> (0x00000000e001fa28) thrown at [D:\src\AOSP-openjdk-cygwin\jdk8u\hotspot\src\share\vm\prims\jni.cpp, line 1614]
Event: 12.966 Thread 0x000000001af91800 Exception <a 'java/lang/NoSuchMethodError': <clinit>> (0x00000000e0020740) thrown at [D:\src\AOSP-openjdk-cygwin\jdk8u\hotspot\src\share\vm\prims\jni.cpp, line 1614]
Event: 12.966 Thread 0x000000001af91800 Exception <a 'java/lang/NoSuchMethodError': <clinit>> (0x00000000e0021c78) thrown at [D:\src\AOSP-openjdk-cygwin\jdk8u\hotspot\src\share\vm\prims\jni.cpp, line 1614]

Events (10 events):
Event: 13.171 loading class org/gradle/model/internal/core/NamedEntityInstantiator
Event: 13.171 loading class org/gradle/model/internal/core/NamedEntityInstantiator done
Event: 13.172 loading class org/gradle/internal/service/scopes/ProjectScopeServices$1
Event: 13.172 loading class org/gradle/internal/service/scopes/ProjectScopeServices$1 done
Event: 13.173 loading class org/gradle/workers/internal/WorkersServices$ProjectScopeServices
Event: 13.173 loading class org/gradle/workers/internal/WorkersServices$ProjectScopeServices done
Event: 13.174 loading class org/gradle/workers/WorkerExecutor
Event: 13.174 loading class org/gradle/workers/WorkerExecutor done
Event: 13.175 loading class org/gradle/buildinit/plugins/internal/services/BuildInitServices$ProjectScopeBuildInitServices
Event: 13.175 loading class org/gradle/buildinit/plugins/internal/services/BuildInitServices$ProjectScopeBuildInitServices done


Dynamic libraries:
0x00007ff6b3850000 - 0x00007ff6b3881000 	D:\softwares\Android\Android Studio\jre\bin\java.exe
0x00007ffe47b00000 - 0x00007ffe47cf0000 	C:\WINDOWS\SYSTEM32\ntdll.dll
0x00007ffe46190000 - 0x00007ffe46242000 	C:\WINDOWS\System32\KERNEL32.DLL
0x00007ffe44ca0000 - 0x00007ffe44f43000 	C:\WINDOWS\System32\KERNELBASE.dll
0x00007ffe460d0000 - 0x00007ffe46173000 	C:\WINDOWS\System32\ADVAPI32.dll
0x00007ffe47840000 - 0x00007ffe478de000 	C:\WINDOWS\System32\msvcrt.dll
0x00007ffe472b0000 - 0x00007ffe47347000 	C:\WINDOWS\System32\sechost.dll
0x00007ffe47430000 - 0x00007ffe47550000 	C:\WINDOWS\System32\RPCRT4.dll
0x00007ffe47550000 - 0x00007ffe476e4000 	C:\WINDOWS\System32\USER32.dll
0x00007ffe45b50000 - 0x00007ffe45b71000 	C:\WINDOWS\System32\win32u.dll
0x00007ffe47280000 - 0x00007ffe472a6000 	C:\WINDOWS\System32\GDI32.dll
0x00007ffe44b00000 - 0x00007ffe44c94000 	C:\WINDOWS\System32\gdi32full.dll
0x00007ffe45a00000 - 0x00007ffe45a9e000 	C:\WINDOWS\System32\msvcp_win.dll
0x00007ffe457b0000 - 0x00007ffe458aa000 	C:\WINDOWS\System32\ucrtbase.dll
0x00007ffe2fab0000 - 0x00007ffe2fd35000 	C:\WINDOWS\WinSxS\amd64_microsoft.windows.common-controls_6595b64144ccf1df_6.0.18362.418_none_e6c6b287130d565d\COMCTL32.dll
0x00007ffe45d90000 - 0x00007ffe460c6000 	C:\WINDOWS\System32\combase.dll
0x00007ffe44f50000 - 0x00007ffe44fd0000 	C:\WINDOWS\System32\bcryptPrimitives.dll
0x00007ffe478e0000 - 0x00007ffe4790e000 	C:\WINDOWS\System32\IMM32.DLL
0x000000005ef20000 - 0x000000005eff2000 	D:\softwares\Android\Android Studio\jre\jre\bin\msvcr100.dll
0x000000005f0e0000 - 0x000000005f926000 	D:\softwares\Android\Android Studio\jre\jre\bin\server\jvm.dll
0x00007ffe46910000 - 0x00007ffe46918000 	C:\WINDOWS\System32\PSAPI.DLL
0x00007ffe42690000 - 0x00007ffe42699000 	C:\WINDOWS\SYSTEM32\WSOCK32.dll
0x00007ffe47350000 - 0x00007ffe473bf000 	C:\WINDOWS\System32\WS2_32.dll
0x00007ffe41f40000 - 0x00007ffe41f64000 	C:\WINDOWS\SYSTEM32\WINMM.dll
0x00007ffe41f70000 - 0x00007ffe41f7a000 	C:\WINDOWS\SYSTEM32\VERSION.dll
0x00007ffe41f10000 - 0x00007ffe41f3d000 	C:\WINDOWS\SYSTEM32\WINMMBASE.dll
0x00007ffe44a90000 - 0x00007ffe44ada000 	C:\WINDOWS\System32\cfgmgr32.dll
0x00007ffe41580000 - 0x00007ffe4158f000 	D:\softwares\Android\Android Studio\jre\jre\bin\verify.dll
0x00007ffe3f4c0000 - 0x00007ffe3f4e9000 	D:\softwares\Android\Android Studio\jre\jre\bin\java.dll
0x00007ffe3e3b0000 - 0x00007ffe3e3c6000 	D:\softwares\Android\Android Studio\jre\jre\bin\zip.dll
0x00007ffe46b90000 - 0x00007ffe47275000 	C:\WINDOWS\System32\SHELL32.dll
0x00007ffe45ce0000 - 0x00007ffe45d89000 	C:\WINDOWS\System32\shcore.dll
0x00007ffe45030000 - 0x00007ffe457af000 	C:\WINDOWS\System32\windows.storage.dll
0x00007ffe44a20000 - 0x00007ffe44a3f000 	C:\WINDOWS\System32\profapi.dll
0x00007ffe44a40000 - 0x00007ffe44a8a000 	C:\WINDOWS\System32\powrprof.dll
0x00007ffe449d0000 - 0x00007ffe449e0000 	C:\WINDOWS\System32\UMPDC.dll
0x00007ffe46440000 - 0x00007ffe46492000 	C:\WINDOWS\System32\shlwapi.dll
0x00007ffe449e0000 - 0x00007ffe449f1000 	C:\WINDOWS\System32\kernel.appcore.dll
0x00007ffe44ae0000 - 0x00007ffe44af7000 	C:\WINDOWS\System32\cryptsp.dll
0x00007ffe3e2a0000 - 0x00007ffe3e2ba000 	D:\softwares\Android\Android Studio\jre\jre\bin\net.dll
0x00007ffe44240000 - 0x00007ffe442a7000 	C:\WINDOWS\system32\mswsock.dll
0x00007ffe3e280000 - 0x00007ffe3e291000 	D:\softwares\Android\Android Studio\jre\jre\bin\nio.dll
0x00007ffe30550000 - 0x00007ffe30576000 	C:\Users\Kamal Johnson\.gradle\native\29\windows-amd64\native-platform.dll
0x00007ffe40c10000 - 0x00007ffe40c1d000 	D:\softwares\Android\Android Studio\jre\jre\bin\management.dll
0x00007ffe43d50000 - 0x00007ffe43d83000 	C:\WINDOWS\system32\rsaenh.dll
0x00007ffe45b80000 - 0x00007ffe45ba6000 	C:\WINDOWS\System32\bcrypt.dll
0x00007ffe448f0000 - 0x00007ffe44915000 	C:\WINDOWS\SYSTEM32\USERENV.dll
0x00007ffe44410000 - 0x00007ffe4441c000 	C:\WINDOWS\SYSTEM32\CRYPTBASE.dll
0x00007ffe43ef0000 - 0x00007ffe43f2a000 	C:\WINDOWS\SYSTEM32\IPHLPAPI.DLL
0x00007ffe46430000 - 0x00007ffe46438000 	C:\WINDOWS\System32\NSI.dll
0x00007ffe35250000 - 0x00007ffe35266000 	C:\WINDOWS\SYSTEM32\dhcpcsvc6.DLL
0x00007ffe35690000 - 0x00007ffe356ac000 	C:\WINDOWS\SYSTEM32\dhcpcsvc.DLL
0x00007ffe43f90000 - 0x00007ffe4405a000 	C:\WINDOWS\SYSTEM32\DNSAPI.dll

VM Arguments:
jvm_args: -Xmx1536m -Dfile.encoding=windows-1252 -Duser.country=US -Duser.language=en -Duser.variant 
java_command: org.gradle.launcher.daemon.bootstrap.GradleDaemon 5.4.1
java_class_path (initial): C:\Users\Kamal Johnson\.gradle\wrapper\dists\gradle-5.4.1-all\3221gyojl5jsh0helicew7rwx\gradle-5.4.1\lib\gradle-launcher-5.4.1.jar
Launcher Type: SUN_STANDARD

Environment Variables:
PATH=C:\Program Files (x86)\Intel\Intel(R) Management Engine Components\iCLS\;C:\Program Files\Intel\Intel(R) Management Engine Components\iCLS\;C:\WINDOWS\system32;C:\WINDOWS;C:\WINDOWS\System32\Wbem;C:\WINDOWS\System32\WindowsPowerShell\v1.0\;C:\WINDOWS\System32\OpenSSH\;C:\Program Files (x86)\Intel\Intel(R) Management Engine Components\DAL;C:\Program Files\Intel\Intel(R) Management Engine Components\DAL;C:\Program Files\dotnet\;C:\Program Files\Microsoft SQL Server\130\Tools\Binn\;C:\Program Files\Microsoft SQL Server\Client SDK\ODBC\170\Tools\Binn\;C:\Program Files\Git\cmd;C:\Program Files\nodejs\;C:\Users\Kamal Johnson\AppData\Local\Microsoft\WindowsApps;C:\Users\Kamal Johnson\AppData\Local\Programs\Microsoft VS Code\bin;C:\Users\Kamal Johnson\AppData\Roaming\npm;D:\softwares\Android\Android Studio\jre;
USERNAME=Kamal Johnson
OS=Windows_NT
PROCESSOR_IDENTIFIER=Intel64 Family 6 Model 142 Stepping 11, GenuineIntel



---------------  S Y S T E M  ---------------

OS: Windows 10.0 , 64 bit Build 18362 (10.0.18362.329)

CPU:total 8 (initial active 8) (4 cores per cpu, 2 threads per core) family 6 model 142 stepping 11, cmov, cx8, fxsr, mmx, sse, sse2, sse3, ssse3, sse4.1, sse4.2, popcnt, avx, avx2, aes, clmul, erms, 3dnowpref, lzcnt, ht, tsc, tscinvbit, bmi1, bmi2, adx

Memory: 4k page, physical 16562632k(2183092k free), swap 48832580k(6128k free)

vm_info: OpenJDK 64-Bit Server VM (25.202-b03) for windows-amd64 JRE (1.8.0_202-release-1483-b03), built by "builder" with MS VC++ 10.0 (VS2010)

time: Mon Nov 18 06:04:11 2019
timezone: India Standard Time
elapsed time: 13 seconds (0d 0h 0m 13s)

